This is pdfTeX, Version 3.14159-1.10b (Web2C 7.4.5) (format=pdflatex 2003.4.8)  1 FEB 2006 05:20
**brura079680.tex
(./brura079680.tex{/export/local/tex/texmf/pdftex/base/pdftex.cfg}
LaTeX2e <2001/06/01>
Babel <v3.7h> and hyphenation patterns for american, french, german, ngerman, n
ohyphenation, loaded.
(/export/local/tex/texmf/tex/latex/base/report.cls
Document Class: report 2001/04/21 v1.4e Standard LaTeX document class
(/export/local/tex/texmf/tex/latex/base/size10.clo
File: size10.clo 2001/04/21 v1.4e Standard LaTeX file (size option)
)
\c@part=\count79
\c@chapter=\count80
\c@section=\count81
\c@subsection=\count82
\c@subsubsection=\count83
\c@paragraph=\count84
\c@subparagraph=\count85
\c@figure=\count86
\c@table=\count87
\abovecaptionskip=\skip41
\belowcaptionskip=\skip42
\bibindent=\dimen102
)
(/export/local/tex/texmf/tex/latex/amslatex/amsmath.sty
Package: amsmath 1996/11/01 v1.2c AMS math features
\@mathmargin=\skip43

(/export/local/tex/texmf/tex/latex/amslatex/amstext.sty
Package: amstext 1996/10/28 v1.2b

(/export/local/tex/texmf/tex/latex/amslatex/amsgen.sty
File: amsgen 1996/10/29 v1.2b
\@emptytoks=\toks14
\ex@=\dimen103
))
(/export/local/tex/texmf/tex/latex/amslatex/amsbsy.sty
Package: amsbsy 1996/10/28 v1.2b
\pmbraise@=\dimen104
)
(/export/local/tex/texmf/tex/latex/amslatex/amsopn.sty
Package: amsopn 1996/10/28 v1.2b operator names
)
LaTeX Info: Redefining \frac on input line 188.
\uproot@=\count88
\leftroot@=\count89
\classnum@=\count90
\DOTSCASE@=\count91
LaTeX Info: Redefining \dots on input line 335.
LaTeX Info: Redefining \ldots on input line 418.
LaTeX Info: Redefining \cdots on input line 422.
\Mathstrutbox@=\box26
\strutbox@=\box27
\big@size=\dimen105
LaTeX Font Info:    Redeclaring font encoding OML on input line 500.
LaTeX Font Info:    Redeclaring font encoding OMS on input line 501.
\skewcharcount@=\count92
\familycount@=\count93
\pointcount@=\count94
\accentdimen@=\dimen106
\accentmu@=\count95
\minaw@=\dimen107
\c@MaxMatrixCols=\count96
\dotsspace@=\muskip10
\c@parentequation=\count97
\dspbrk@lvl=\count98
\tag@help=\toks15
\row@=\count99
\column@=\count100
\maxfields@=\count101
\andhelp@=\toks16
\eqnshift@=\dimen108
\alignsep@=\dimen109
\tagshift@=\dimen110
\tagwidth@=\dimen111
\totwidth@=\dimen112
\lineht@=\dimen113
\@envbody=\toks17
\multlinegap=\skip44
\multlinetaggap=\skip45
)
(/export/local/tex/texmf/tex/latex/amsfonts/amssymb.sty
Package: amssymb 2002/01/22 v2.2d

(/export/local/tex/texmf/tex/latex/amsfonts/amsfonts.sty
Package: amsfonts 2001/10/25 v2.2f
\symAMSa=\mathgroup4
\symAMSb=\mathgroup5
LaTeX Font Info:    Overwriting math alphabet `\mathfrak' in version `bold'
(Font)                  U/euf/m/n --> U/euf/b/n on input line 132.
)) (./brura079680.aux)
\openout1 = `brura079680.aux'.

LaTeX Font Info:    Checking defaults for OML/cmm/m/it on input line 5.
LaTeX Font Info:    ... okay on input line 5.
LaTeX Font Info:    Checking defaults for T1/cmr/m/n on input line 5.
LaTeX Font Info:    ... okay on input line 5.
LaTeX Font Info:    Checking defaults for OT1/cmr/m/n on input line 5.
LaTeX Font Info:    ... okay on input line 5.
LaTeX Font Info:    Checking defaults for OMS/cmsy/m/n on input line 5.
LaTeX Font Info:    ... okay on input line 5.
LaTeX Font Info:    Checking defaults for OMX/cmex/m/n on input line 5.
LaTeX Font Info:    ... okay on input line 5.
LaTeX Font Info:    Checking defaults for U/cmr/m/n on input line 5.
LaTeX Font Info:    ... okay on input line 5.

Overfull \hbox (88.62pt too wide) in paragraph at lines 7--8
 [] 
 []

! Misplaced alignment tab character &.
l.9 {\bf &
          #56256;&#56320;^^A^^B^^C^^D^^E^^F^^G^^H ^^K ^^G^^N ^^K^^O^^D ^^D ^...

? q
OK, entering \batchmode...
! You can't use `macro parameter character #' in vertical mode.
l.9 {\bf &#
           56256;&#56320;^^A^^B^^C^^D^^E^^F^^G^^H ^^K ^^G^^N ^^K^^O^^D ^^D ^...
Sorry, but I'm not programmed to handle this case;
I'll just pretend that you didn't ask for it.
If you're in the wrong mode, you might be able to
return to the right one by typing `I}' or `I$' or `I\par'.

! Misplaced alignment tab character &.
l.9 {\bf &#56256;&
                  #56320;^^A^^B^^C^^D^^E^^F^^G^^H ^^K ^^G^^N ^^K^^O^^D ^^D ^...
I can't figure out why you would want to use a tab mark
here. If you just want an ampersand, the remedy is
simple: Just type `I\&' now. But if some right brace
up above has ended a previous alignment prematurely,
you're probably due for more error messages, and you
might try typing `S' now just to see what is salvageable.

! You can't use `macro parameter character #' in horizontal mode.
l.9 {\bf &#56256;&#
                   56320;^^A^^B^^C^^D^^E^^F^^G^^H ^^K ^^G^^N ^^K^^O^^D ^^D ^...
Sorry, but I'm not programmed to handle this case;
I'll just pretend that you didn't ask for it.
If you're in the wrong mode, you might be able to
return to the right one by typing `I}' or `I$' or `I\par'.

! Text line contains an invalid character.
l.9 {\bf &#56256;&#56320;^^A
                            ^^B^^C^^D^^E^^F^^G^^H ^^K ^^G^^N ^^K^^O^^D ^^D ^...
A funny symbol that I can't read has just been input.
Continue, and I'll forget that it ever happened.

! Text line contains an invalid character.
l.9 {\bf &#56256;&#56320;^^A^^B
                               ^^C^^D^^E^^F^^G^^H ^^K ^^G^^N ^^K^^O^^D ^^D ^...
A funny symbol that I can't read has just been input.
Continue, and I'll forget that it ever happened.

! Text line contains an invalid character.
l.9 {\bf &#56256;&#56320;^^A^^B^^C
                                  ^^D^^E^^F^^G^^H ^^K ^^G^^N ^^K^^O^^D ^^D ^...
A funny symbol that I can't read has just been input.
Continue, and I'll forget that it ever happened.

! Text line contains an invalid character.
l.9 {\bf &#56256;&#56320;^^A^^B^^C^^D
                                     ^^E^^F^^G^^H ^^K ^^G^^N ^^K^^O^^D ^^D ^...
A funny symbol that I can't read has just been input.
Continue, and I'll forget that it ever happened.

! Text line contains an invalid character.
l.9 {\bf &#56256;&#56320;^^A^^B^^C^^D^^E
                                        ^^F^^G^^H ^^K ^^G^^N ^^K^^O^^D ^^D ^...
A funny symbol that I can't read has just been input.
Continue, and I'll forget that it ever happened.

! Text line contains an invalid character.
l.9 {\bf &#56256;&#56320;^^A^^B^^C^^D^^E^^F
                                           ^^G^^H ^^K ^^G^^N ^^K^^O^^D ^^D ^...
A funny symbol that I can't read has just been input.
Continue, and I'll forget that it ever happened.

! Text line contains an invalid character.
l.9 {\bf &#56256;&#56320;^^A^^B^^C^^D^^E^^F^^G
                                              ^^H ^^K ^^G^^N ^^K^^O^^D ^^D ^...
A funny symbol that I can't read has just been input.
Continue, and I'll forget that it ever happened.

! Text line contains an invalid character.
l.9 {\bf &#56256;&#56320;^^A^^B^^C^^D^^E^^F^^G^^H
                                                  ^^K ^^G^^N ^^K^^O^^D ^^D ^...
A funny symbol that I can't read has just been input.
Continue, and I'll forget that it ever happened.

! Text line contains an invalid character.
l.9 ...#56256;&#56320;^^A^^B^^C^^D^^E^^F^^G^^H ^^K
                                                   ^^G^^N ^^K^^O^^D ^^D ^^K^...
A funny symbol that I can't read has just been input.
Continue, and I'll forget that it ever happened.

! Text line contains an invalid character.
l.9 ...56;&#56320;^^A^^B^^C^^D^^E^^F^^G^^H ^^K ^^G
                                                  ^^N ^^K^^O^^D ^^D ^^K^^G ^...
A funny symbol that I can't read has just been input.
Continue, and I'll forget that it ever happened.

! Text line contains an invalid character.
l.9 ...&#56320;^^A^^B^^C^^D^^E^^F^^G^^H ^^K ^^G^^N
                                                   ^^K^^O^^D ^^D ^^K^^G ^^C^...
A funny symbol that I can't read has just been input.
Continue, and I'll forget that it ever happened.

! Text line contains an invalid character.
l.9 ...320;^^A^^B^^C^^D^^E^^F^^G^^H ^^K ^^G^^N ^^K
                                                  ^^O^^D ^^D ^^K^^G ^^C^^P ^...
A funny symbol that I can't read has just been input.
Continue, and I'll forget that it ever happened.

! Text line contains an invalid character.
l.9 ...;^^A^^B^^C^^D^^E^^F^^G^^H ^^K ^^G^^N ^^K^^O
                                                  ^^D ^^D ^^K^^G ^^C^^P ^^Q^...
A funny symbol that I can't read has just been input.
Continue, and I'll forget that it ever happened.

! Text line contains an invalid character.
l.9 ...A^^B^^C^^D^^E^^F^^G^^H ^^K ^^G^^N ^^K^^O^^D
                                                   ^^D ^^K^^G ^^C^^P ^^Q^^G^...
A funny symbol that I can't read has just been input.
Continue, and I'll forget that it ever happened.

! Text line contains an invalid character.
l.9 ...^^C^^D^^E^^F^^G^^H ^^K ^^G^^N ^^K^^O^^D ^^D
                                                   ^^K^^G ^^C^^P ^^Q^^G^^R ^...
A funny symbol that I can't read has just been input.
Continue, and I'll forget that it ever happened.

! Text line contains an invalid character.
l.9 ...^D^^E^^F^^G^^H ^^K ^^G^^N ^^K^^O^^D ^^D ^^K
                                                  ^^G ^^C^^P ^^Q^^G^^R ^^G ^...
A funny symbol that I can't read has just been input.
Continue, and I'll forget that it ever happened.

! Text line contains an invalid character.
l.9 ...^E^^F^^G^^H ^^K ^^G^^N ^^K^^O^^D ^^D ^^K^^G
                                                   ^^C^^P ^^Q^^G^^R ^^G ^^B ...
A funny symbol that I can't read has just been input.
Continue, and I'll forget that it ever happened.

! Text line contains an invalid character.
l.9 ...F^^G^^H ^^K ^^G^^N ^^K^^O^^D ^^D ^^K^^G ^^C
                                                  ^^P ^^Q^^G^^R ^^G ^^B ^^D^...
A funny symbol that I can't read has just been input.
Continue, and I'll forget that it ever happened.

! Text line contains an invalid character.
l.9 ...G^^H ^^K ^^G^^N ^^K^^O^^D ^^D ^^K^^G ^^C^^P
                                                   ^^Q^^G^^R ^^G ^^B ^^D^^S^...
A funny symbol that I can't read has just been input.
Continue, and I'll forget that it ever happened.

! Text line contains an invalid character.
l.9 ... ^^K ^^G^^N ^^K^^O^^D ^^D ^^K^^G ^^C^^P ^^Q
                                                  ^^G^^R ^^G ^^B ^^D^^S^^G ^...
A funny symbol that I can't read has just been input.
Continue, and I'll forget that it ever happened.

! Text line contains an invalid character.
l.9 ...K ^^G^^N ^^K^^O^^D ^^D ^^K^^G ^^C^^P ^^Q^^G
                                                  ^^R ^^G ^^B ^^D^^S^^G ^^T ...
A funny symbol that I can't read has just been input.
Continue, and I'll forget that it ever happened.

! Text line contains an invalid character.
l.9 ...^G^^N ^^K^^O^^D ^^D ^^K^^G ^^C^^P ^^Q^^G^^R
                                                   ^^G ^^B ^^D^^S^^G ^^T ^^U...
A funny symbol that I can't read has just been input.
Continue, and I'll forget that it ever happened.

! Text line contains an invalid character.
l.9 ...N ^^K^^O^^D ^^D ^^K^^G ^^C^^P ^^Q^^G^^R ^^G
                                                   ^^B ^^D^^S^^G ^^T ^^U^^A ...
A funny symbol that I can't read has just been input.
Continue, and I'll forget that it ever happened.

! Text line contains an invalid character.
l.9 ...K^^O^^D ^^D ^^K^^G ^^C^^P ^^Q^^G^^R ^^G ^^B
                                                   ^^D^^S^^G ^^T ^^U^^A ^^D ...
A funny symbol that I can't read has just been input.
Continue, and I'll forget that it ever happened.

! Text line contains an invalid character.
l.9 ...^^D ^^D ^^K^^G ^^C^^P ^^Q^^G^^R ^^G ^^B ^^D
                                                  ^^S^^G ^^T ^^U^^A ^^D ^^K ...
A funny symbol that I can't read has just been input.
Continue, and I'll forget that it ever happened.

! Text line contains an invalid character.
l.9 ... ^^D ^^K^^G ^^C^^P ^^Q^^G^^R ^^G ^^B ^^D^^S
                                                  ^^G ^^T ^^U^^A ^^D ^^K ^^P...
A funny symbol that I can't read has just been input.
Continue, and I'll forget that it ever happened.

! Text line contains an invalid character.
l.9 ...D ^^K^^G ^^C^^P ^^Q^^G^^R ^^G ^^B ^^D^^S^^G
                                                   ^^T ^^U^^A ^^D ^^K ^^P^^F...
A funny symbol that I can't read has just been input.
Continue, and I'll forget that it ever happened.

! Text line contains an invalid character.
l.9 ...K^^G ^^C^^P ^^Q^^G^^R ^^G ^^B ^^D^^S^^G ^^T
                                                   ^^U^^A ^^D ^^K ^^P^^F ^^K...
A funny symbol that I can't read has just been input.
Continue, and I'll forget that it ever happened.

! Text line contains an invalid character.
l.9 ... ^^C^^P ^^Q^^G^^R ^^G ^^B ^^D^^S^^G ^^T ^^U
                                                  ^^A ^^D ^^K ^^P^^F ^^K^^U^...
A funny symbol that I can't read has just been input.
Continue, and I'll forget that it ever happened.

! Text line contains an invalid character.
l.9 ...C^^P ^^Q^^G^^R ^^G ^^B ^^D^^S^^G ^^T ^^U^^A
                                                   ^^D ^^K ^^P^^F ^^K^^U^^D^...
A funny symbol that I can't read has just been input.
Continue, and I'll forget that it ever happened.

! Text line contains an invalid character.
l.9 ... ^^Q^^G^^R ^^G ^^B ^^D^^S^^G ^^T ^^U^^A ^^D
                                                   ^^K ^^P^^F ^^K^^U^^D^^K^^...
A funny symbol that I can't read has just been input.
Continue, and I'll forget that it ever happened.

! Text line contains an invalid character.
l.9 ...^^G^^R ^^G ^^B ^^D^^S^^G ^^T ^^U^^A ^^D ^^K
                                                   ^^P^^F ^^K^^U^^D^^K^^G^^B...
A funny symbol that I can't read has just been input.
Continue, and I'll forget that it ever happened.

! Text line contains an invalid character.
l.9 ...^R ^^G ^^B ^^D^^S^^G ^^T ^^U^^A ^^D ^^K ^^P
                                                  ^^F ^^K^^U^^D^^K^^G^^B ^^V...
A funny symbol that I can't read has just been input.
Continue, and I'll forget that it ever happened.

! Text line contains an invalid character.
l.9 ...^^G ^^B ^^D^^S^^G ^^T ^^U^^A ^^D ^^K ^^P^^F
                                                   ^^K^^U^^D^^K^^G^^B ^^V^^W...
A funny symbol that I can't read has just been input.
Continue, and I'll forget that it ever happened.

! Text line contains an invalid character.
l.9 ...^^B ^^D^^S^^G ^^T ^^U^^A ^^D ^^K ^^P^^F ^^K
                                                  ^^U^^D^^K^^G^^B ^^V^^W^^A^...
A funny symbol that I can't read has just been input.
Continue, and I'll forget that it ever happened.

! Text line contains an invalid character.
l.9 ... ^^D^^S^^G ^^T ^^U^^A ^^D ^^K ^^P^^F ^^K^^U
                                                  ^^D^^K^^G^^B ^^V^^W^^A^^B ...
A funny symbol that I can't read has just been input.
Continue, and I'll forget that it ever happened.

! Text line contains an invalid character.
l.9 ...D^^S^^G ^^T ^^U^^A ^^D ^^K ^^P^^F ^^K^^U^^D
                                                  ^^K^^G^^B ^^V^^W^^A^^B ^^D...
A funny symbol that I can't read has just been input.
Continue, and I'll forget that it ever happened.

! Text line contains an invalid character.
l.9 ...S^^G ^^T ^^U^^A ^^D ^^K ^^P^^F ^^K^^U^^D^^K
                                                  ^^G^^B ^^V^^W^^A^^B ^^D ^^...
A funny symbol that I can't read has just been input.
Continue, and I'll forget that it ever happened.

! Text line contains an invalid character.
l.9 ...G ^^T ^^U^^A ^^D ^^K ^^P^^F ^^K^^U^^D^^K^^G
                                                  ^^B ^^V^^W^^A^^B ^^D ^^K^^...
A funny symbol that I can't read has just been input.
Continue, and I'll forget that it ever happened.

! Text line contains an invalid character.
l.9 ...^T ^^U^^A ^^D ^^K ^^P^^F ^^K^^U^^D^^K^^G^^B
                                                   ^^V^^W^^A^^B ^^D ^^K^^C^^...
A funny symbol that I can't read has just been input.
Continue, and I'll forget that it ever happened.

! Text line contains an invalid character.
l.9 ...^U^^A ^^D ^^K ^^P^^F ^^K^^U^^D^^K^^G^^B ^^V
                                                  ^^W^^A^^B ^^D ^^K^^C^^D^^K...
A funny symbol that I can't read has just been input.
Continue, and I'll forget that it ever happened.

! Text line contains an invalid character.
l.9 ...^A ^^D ^^K ^^P^^F ^^K^^U^^D^^K^^G^^B ^^V^^W
                                                  ^^A^^B ^^D ^^K^^C^^D^^K Qu...
A funny symbol that I can't read has just been input.
Continue, and I'll forget that it ever happened.

! Text line contains an invalid character.
l.9 ...^^D ^^K ^^P^^F ^^K^^U^^D^^K^^G^^B ^^V^^W^^A
                                                  ^^B ^^D ^^K^^C^^D^^K Quasi...
A funny symbol that I can't read has just been input.
Continue, and I'll forget that it ever happened.

! Text line contains an invalid character.
l.9 ... ^^K ^^P^^F ^^K^^U^^D^^K^^G^^B ^^V^^W^^A^^B
                                                   ^^D ^^K^^C^^D^^K Quasi-Ne...
A funny symbol that I can't read has just been input.
Continue, and I'll forget that it ever happened.

! Text line contains an invalid character.
l.9 ... ^^P^^F ^^K^^U^^D^^K^^G^^B ^^V^^W^^A^^B ^^D
                                                   ^^K^^C^^D^^K Quasi-Newton...
A funny symbol that I can't read has just been input.
Continue, and I'll forget that it ever happened.

! Text line contains an invalid character.
l.9 ...^^F ^^K^^U^^D^^K^^G^^B ^^V^^W^^A^^B ^^D ^^K
                                                  ^^C^^D^^K Quasi-Newton pre...
A funny symbol that I can't read has just been input.
Continue, and I'll forget that it ever happened.

! Text line contains an invalid character.
l.9 ... ^^K^^U^^D^^K^^G^^B ^^V^^W^^A^^B ^^D ^^K^^C
                                                  ^^D^^K Quasi-Newton precon...
A funny symbol that I can't read has just been input.
Continue, and I'll forget that it ever happened.

! Text line contains an invalid character.
l.9 ...K^^U^^D^^K^^G^^B ^^V^^W^^A^^B ^^D ^^K^^C^^D
                                                  ^^K Quasi-Newton precondit...
A funny symbol that I can't read has just been input.
Continue, and I'll forget that it ever happened.

! Text line contains an invalid character.
l.9 ...U^^D^^K^^G^^B ^^V^^W^^A^^B ^^D ^^K^^C^^D^^K
                                                   Quasi-Newton precondition...
A funny symbol that I can't read has just been input.
Continue, and I'll forget that it ever happened.

 [1

{/export/local/tex/texmf/pdftex/base/cm.map}] (./brura079680.aux) ) 
Here is how much of TeX's memory you used:
 1013 strings out of 95437
 10811 string characters out of 1189984
 58022 words of memory out of 1000001
 4068 multiletter control sequences out of 10000+50000
 4413 words of font info for 17 fonts, out of 500000 for 1000
 14 hyphenation exceptions out of 1000
 28i,4n,24p,234b,170s stack positions out of 1500i,500n,5000p,200000b,5000s
 16 PDF objects out of 300000
 0 named destinations out of 131072
 0 words of extra memory for PDF output out of 65536
{/export/loc
al/tex/texmf/pdftex/base/cmttext.enc}</export/local/tex/texmf/fonts/type1/blues
ky/cm/cmtt10.pfb>{/export/local/tex/texmf/pdftex/base/cmtext.enc}</export/local
/tex/texmf/fonts/type1/bluesky/cm/cmr10.pfb></export/local/tex/texmf/fonts/type
1/bluesky/cm/cmbx12.pfb></export/local/tex/texmf/fonts/type1/bluesky/cm/cmr12.p
fb>
Output written on brura079680.pdf (1 page, 40708 bytes).
