This is pdfTeX, Version 3.14159-1.10b (Web2C 7.4.5) (format=pdflatex 2003.4.8)  2 FEB 2004 15:42
**lango064378.tex
(./lango064378.tex{/usr/local/tex/texmf/pdftex/base/pdftex.cfg}
LaTeX2e <2001/06/01>
Babel <v3.7h> and hyphenation patterns for american, french, german, ngerman, n
ohyphenation, loaded.
(/usr/local/tex/texmf/tex/latex/base/report.cls
Document Class: report 2001/04/21 v1.4e Standard LaTeX document class
(/usr/local/tex/texmf/tex/latex/base/size10.clo
File: size10.clo 2001/04/21 v1.4e Standard LaTeX file (size option)
)
\c@part=\count79
\c@chapter=\count80
\c@section=\count81
\c@subsection=\count82
\c@subsubsection=\count83
\c@paragraph=\count84
\c@subparagraph=\count85
\c@figure=\count86
\c@table=\count87
\abovecaptionskip=\skip41
\belowcaptionskip=\skip42
\bibindent=\dimen102
)
(/usr/local/tex/texmf/tex/latex/amslatex/amsmath.sty
Package: amsmath 1996/11/01 v1.2c AMS math features
\@mathmargin=\skip43

(/usr/local/tex/texmf/tex/latex/amslatex/amstext.sty
Package: amstext 1996/10/28 v1.2b

(/usr/local/tex/texmf/tex/latex/amslatex/amsgen.sty
File: amsgen 1996/10/29 v1.2b
\@emptytoks=\toks14
\ex@=\dimen103
))
(/usr/local/tex/texmf/tex/latex/amslatex/amsbsy.sty
Package: amsbsy 1996/10/28 v1.2b
\pmbraise@=\dimen104
)
(/usr/local/tex/texmf/tex/latex/amslatex/amsopn.sty
Package: amsopn 1996/10/28 v1.2b operator names
)
LaTeX Info: Redefining \frac on input line 188.
\uproot@=\count88
\leftroot@=\count89
\classnum@=\count90
\DOTSCASE@=\count91
LaTeX Info: Redefining \dots on input line 335.
LaTeX Info: Redefining \ldots on input line 418.
LaTeX Info: Redefining \cdots on input line 422.
\Mathstrutbox@=\box26
\strutbox@=\box27
\big@size=\dimen105
LaTeX Font Info:    Redeclaring font encoding OML on input line 500.
LaTeX Font Info:    Redeclaring font encoding OMS on input line 501.
\skewcharcount@=\count92
\familycount@=\count93
\pointcount@=\count94
\accentdimen@=\dimen106
\accentmu@=\count95
\minaw@=\dimen107
\c@MaxMatrixCols=\count96
\dotsspace@=\muskip10
\c@parentequation=\count97
\dspbrk@lvl=\count98
\tag@help=\toks15
\row@=\count99
\column@=\count100
\maxfields@=\count101
\andhelp@=\toks16
\eqnshift@=\dimen108
\alignsep@=\dimen109
\tagshift@=\dimen110
\tagwidth@=\dimen111
\totwidth@=\dimen112
\lineht@=\dimen113
\@envbody=\toks17
\multlinegap=\skip44
\multlinetaggap=\skip45
)
(/usr/local/tex/texmf/tex/latex/amsfonts/amssymb.sty
Package: amssymb 2002/01/22 v2.2d

(/usr/local/tex/texmf/tex/latex/amsfonts/amsfonts.sty
Package: amsfonts 2001/10/25 v2.2f
\symAMSa=\mathgroup4
\symAMSb=\mathgroup5
LaTeX Font Info:    Overwriting math alphabet `\mathfrak' in version `bold'
(Font)                  U/euf/m/n --> U/euf/b/n on input line 132.
)) (./lango064378.aux)
\openout1 = `lango064378.aux'.

LaTeX Font Info:    Checking defaults for OML/cmm/m/it on input line 5.
LaTeX Font Info:    ... okay on input line 5.
LaTeX Font Info:    Checking defaults for T1/cmr/m/n on input line 5.
LaTeX Font Info:    ... okay on input line 5.
LaTeX Font Info:    Checking defaults for OT1/cmr/m/n on input line 5.
LaTeX Font Info:    ... okay on input line 5.
LaTeX Font Info:    Checking defaults for OMS/cmsy/m/n on input line 5.
LaTeX Font Info:    ... okay on input line 5.
LaTeX Font Info:    Checking defaults for OMX/cmex/m/n on input line 5.
LaTeX Font Info:    ... okay on input line 5.
LaTeX Font Info:    Checking defaults for U/cmr/m/n on input line 5.
LaTeX Font Info:    ... okay on input line 5.

Overfull \hbox (88.62pt too wide) in paragraph at lines 7--8
 [] 
 []

LaTeX Font Info:    Try loading font information for U+msa on input line 20.
(/usr/local/tex/texmf/tex/latex/amsfonts/umsa.fd
File: umsa.fd 2002/01/19 v2.2g AMS font definitions
)
LaTeX Font Info:    Try loading font information for U+msb on input line 20.

(/usr/local/tex/texmf/tex/latex/amsfonts/umsb.fd
File: umsb.fd 2002/01/19 v2.2g AMS font definitions
)
Overfull \hbox (67.02492pt too wide) in paragraph at lines 25--28
/cmr10/We note $/cmmi10/r[]$ /cmr10/the resid-ual as-so-ci-ated to $/cmmi10/x[]
$ /cmr10/and ob-serve that $/cmsy10/K[]/cmr10/(/cmmi10/A; r[]/cmr10/) = [/cmmi1
0/r[]; Ar[]; Ar[]; []  ; Ar[]/cmr10/]$. 
 []


Overfull \hbox (8.19498pt too wide) in paragraph at lines 48--53
[]/cmr10/We re-port nu-mer-i-cal re-sults where, while the block resid-u-als be
-come strongly
 []

[1

{/usr/local/tex/texmf/pdftex/base/cm.map}]
Overfull \hbox (20.71364pt too wide) in paragraph at lines 70--82
/cmr10/rithm in an inner--outer scheme. In that case Flex-i-bleGM-RES(outer)/GM
RES(inner)
 []

[2] (./lango064378.aux) ) 
Here is how much of TeX's memory you used:
 1045 strings out of 95437
 11267 string characters out of 1189984
 59022 words of memory out of 1000001
 4087 multiletter control sequences out of 10000+50000
 6458 words of font info for 26 fonts, out of 500000 for 1000
 14 hyphenation exceptions out of 1000
 28i,4n,24p,234b,258s stack positions out of 1500i,500n,5000p,200000b,5000s
 43 PDF objects out of 300000
 0 named destinations out of 131072
 0 words of extra memory for PDF output out of 65536
{/usr/local/tex/texmf/pdftex/base/cmitext.enc}</usr/lo
cal/tex/texmf/fonts/type1/bluesky/cm/cmti10.pfb>{/usr/local/tex/texmf/pdftex/ba
se/cmtextf.enc}</usr/local/tex/texmf/fonts/type1/bluesky/cm/cmr5.pfb>{/usr/loca
l/tex/texmf/pdftex/base/cmmi.enc}</usr/local/tex/texmf/fonts/type1/bluesky/cm/c
mmi5.pfb>{/usr/local/tex/texmf/pdftex/base/cmsy.enc}</usr/local/tex/texmf/fonts
/type1/bluesky/cm/cmsy7.pfb></usr/local/tex/texmf/fonts/type1/bluesky/cm/cmmi7.
pfb></usr/local/tex/texmf/fonts/type1/bluesky/cm/cmsy10.pfb>{/usr/local/tex/tex
mf/pdftex/base/cmtext.enc}</usr/local/tex/texmf/fonts/type1/bluesky/cm/cmr7.pfb
></usr/local/tex/texmf/fonts/type1/bluesky/cm/cmmi10.pfb>{/usr/local/tex/texmf/
pdftex/base/cmttext.enc}</usr/local/tex/texmf/fonts/type1/bluesky/cm/cmtt10.pfb
></usr/local/tex/texmf/fonts/type1/bluesky/cm/cmr10.pfb></usr/local/tex/texmf/f
onts/type1/bluesky/cm/cmbx12.pfb></usr/local/tex/texmf/fonts/type1/bluesky/cm/c
mr12.pfb>
Output written on lango064378.pdf (2 pages, 90736 bytes).
