This is pdfTeX, Version 3.14159-1.10b (Web2C 7.4.5) (format=pdflatex 2003.4.8)  2 FEB 2004 15:46
**shest080823.tex
(./shest080823.tex{/usr/local/tex/texmf/pdftex/base/pdftex.cfg}
LaTeX2e <2001/06/01>
Babel <v3.7h> and hyphenation patterns for american, french, german, ngerman, n
ohyphenation, loaded.
(/usr/local/tex/texmf/tex/latex/base/report.cls
Document Class: report 2001/04/21 v1.4e Standard LaTeX document class
(/usr/local/tex/texmf/tex/latex/base/size10.clo
File: size10.clo 2001/04/21 v1.4e Standard LaTeX file (size option)
)
\c@part=\count79
\c@chapter=\count80
\c@section=\count81
\c@subsection=\count82
\c@subsubsection=\count83
\c@paragraph=\count84
\c@subparagraph=\count85
\c@figure=\count86
\c@table=\count87
\abovecaptionskip=\skip41
\belowcaptionskip=\skip42
\bibindent=\dimen102
)
(/usr/local/tex/texmf/tex/latex/amslatex/amsmath.sty
Package: amsmath 1996/11/01 v1.2c AMS math features
\@mathmargin=\skip43

(/usr/local/tex/texmf/tex/latex/amslatex/amstext.sty
Package: amstext 1996/10/28 v1.2b

(/usr/local/tex/texmf/tex/latex/amslatex/amsgen.sty
File: amsgen 1996/10/29 v1.2b
\@emptytoks=\toks14
\ex@=\dimen103
))
(/usr/local/tex/texmf/tex/latex/amslatex/amsbsy.sty
Package: amsbsy 1996/10/28 v1.2b
\pmbraise@=\dimen104
)
(/usr/local/tex/texmf/tex/latex/amslatex/amsopn.sty
Package: amsopn 1996/10/28 v1.2b operator names
)
LaTeX Info: Redefining \frac on input line 188.
\uproot@=\count88
\leftroot@=\count89
\classnum@=\count90
\DOTSCASE@=\count91
LaTeX Info: Redefining \dots on input line 335.
LaTeX Info: Redefining \ldots on input line 418.
LaTeX Info: Redefining \cdots on input line 422.
\Mathstrutbox@=\box26
\strutbox@=\box27
\big@size=\dimen105
LaTeX Font Info:    Redeclaring font encoding OML on input line 500.
LaTeX Font Info:    Redeclaring font encoding OMS on input line 501.
\skewcharcount@=\count92
\familycount@=\count93
\pointcount@=\count94
\accentdimen@=\dimen106
\accentmu@=\count95
\minaw@=\dimen107
\c@MaxMatrixCols=\count96
\dotsspace@=\muskip10
\c@parentequation=\count97
\dspbrk@lvl=\count98
\tag@help=\toks15
\row@=\count99
\column@=\count100
\maxfields@=\count101
\andhelp@=\toks16
\eqnshift@=\dimen108
\alignsep@=\dimen109
\tagshift@=\dimen110
\tagwidth@=\dimen111
\totwidth@=\dimen112
\lineht@=\dimen113
\@envbody=\toks17
\multlinegap=\skip44
\multlinetaggap=\skip45
)
(/usr/local/tex/texmf/tex/latex/amsfonts/amssymb.sty
Package: amssymb 2002/01/22 v2.2d

(/usr/local/tex/texmf/tex/latex/amsfonts/amsfonts.sty
Package: amsfonts 2001/10/25 v2.2f
\symAMSa=\mathgroup4
\symAMSb=\mathgroup5
LaTeX Font Info:    Overwriting math alphabet `\mathfrak' in version `bold'
(Font)                  U/euf/m/n --> U/euf/b/n on input line 132.
)) (./shest080823.aux)
\openout1 = `shest080823.aux'.

LaTeX Font Info:    Checking defaults for OML/cmm/m/it on input line 5.
LaTeX Font Info:    ... okay on input line 5.
LaTeX Font Info:    Checking defaults for T1/cmr/m/n on input line 5.
LaTeX Font Info:    ... okay on input line 5.
LaTeX Font Info:    Checking defaults for OT1/cmr/m/n on input line 5.
LaTeX Font Info:    ... okay on input line 5.
LaTeX Font Info:    Checking defaults for OMS/cmsy/m/n on input line 5.
LaTeX Font Info:    ... okay on input line 5.
LaTeX Font Info:    Checking defaults for OMX/cmex/m/n on input line 5.
LaTeX Font Info:    ... okay on input line 5.
LaTeX Font Info:    Checking defaults for U/cmr/m/n on input line 5.
LaTeX Font Info:    ... okay on input line 5.

Overfull \hbox (88.62pt too wide) in paragraph at lines 7--8
 [] 
 []

LaTeX Font Info:    Try loading font information for U+msa on input line 9.
(/usr/local/tex/texmf/tex/latex/amsfonts/umsa.fd
File: umsa.fd 2002/01/19 v2.2g AMS font definitions
)
LaTeX Font Info:    Try loading font information for U+msb on input line 9.

(/usr/local/tex/texmf/tex/latex/amsfonts/umsb.fd
File: umsb.fd 2002/01/19 v2.2g AMS font definitions
) [1

{/usr/local/tex/texmf/pdftex/base/cm.map}]
Runaway argument?
\def \\{\@amsmath@err {\Invalid@@ \\}\@eha }(\Lambda - M_1 - M_2) \, \ETC.
! Paragraph ended before \equation was complete.
<to be read again> 
                   \par 
l.138 
      
? q
OK, entering \batchmode...
! Missing $ inserted.
<inserted text> 
                $
l.138 
      
I've inserted a begin-math/end-math symbol since I think
you left one out. Proceed, with fingers crossed.

! Display math should end with $$.
<to be read again> 
                   \par 
l.138 
      
The `$' that I just saw supposedly matches a previous `$$'.
So I shall assume that you typed `$$' both times.


LaTeX Warning: Reference `linsys' on page 2 undefined on input line 145.


! LaTeX Error: \begin{equation} on input line 129 ended by \end{document}.

See the LaTeX manual or LaTeX Companion for explanation.
Type  H <return>  for immediate help.
 ...                                              
                                                  
l.155 \end{document}
                    
Your command was ignored.
Type  I <command> <return>  to replace it with another command,
or  <return>  to continue without it.

 [2] (./shest080823.aux)

LaTeX Warning: There were undefined references.

 )
(\end occurred inside a group at level 1) 
Here is how much of TeX's memory you used:
 1084 strings out of 95437
 11582 string characters out of 1189984
 59022 words of memory out of 1000001
 4113 multiletter control sequences out of 10000+50000
 11122 words of font info for 44 fonts, out of 500000 for 1000
 14 hyphenation exceptions out of 1000
 28i,7n,24p,389b,260s stack positions out of 1500i,500n,5000p,200000b,5000s
 49 PDF objects out of 300000
 0 named destinations out of 131072
 0 words of extra memory for PDF output out of 65536
{/usr/local/tex/texmf/pdftex/base/cmte
xt.enc}</usr/local/tex/texmf/fonts/type1/bluesky/cm/cmbx10.pfb>{/usr/local/tex/
texmf/pdftex/base/cmsy.enc}</usr/local/tex/texmf/fonts/type1/bluesky/cm/cmsy5.p
fb>{/usr/local/tex/texmf/pdftex/base/cmitext.enc}</usr/local/tex/texmf/fonts/ty
pe1/bluesky/cm/cmti10.pfb></usr/local/tex/texmf/fonts/type1/bluesky/cm/cmsy7.pf
b>{/usr/local/tex/texmf/pdftex/base/cmex.enc}</usr/local/tex/texmf/fonts/type1/
bluesky/cm/cmex10.pfb></usr/local/tex/texmf/fonts/type1/bluesky/cm/cmr7.pfb></u
sr/local/tex/texmf/fonts/type1/bluesky/cm/cmsy10.pfb>{/usr/local/tex/texmf/pdft
ex/base/cmmi.enc}</usr/local/tex/texmf/fonts/type1/bluesky/cm/cmmi7.pfb></usr/l
ocal/tex/texmf/fonts/type1/bluesky/cm/cmmi10.pfb>{/usr/local/tex/texmf/pdftex/b
ase/cmttext.enc}</usr/local/tex/texmf/fonts/type1/bluesky/cm/cmtt10.pfb></usr/l
ocal/tex/texmf/fonts/type1/bluesky/cm/cmr10.pfb></usr/local/tex/texmf/fonts/typ
e1/bluesky/cm/cmr8.pfb></usr/local/tex/texmf/fonts/type1/bluesky/cm/cmbx12.pfb>
</usr/local/tex/texmf/fonts/type1/bluesky/cm/cmr12.pfb>
Output written on shest080823.pdf (2 pages, 104731 bytes).
