This is pdfTeX, Version 3.14159-1.10b (Web2C 7.4.5) (format=pdflatex 2003.4.8)  5 FEB 2004 08:51
**shest080834.tex
(./shest080834.tex{/usr/local/tex/texmf/pdftex/base/pdftex.cfg}
LaTeX2e <2001/06/01>
Babel <v3.7h> and hyphenation patterns for american, french, german, ngerman, n
ohyphenation, loaded.
(/usr/local/tex/texmf/tex/latex/base/report.cls
Document Class: report 2001/04/21 v1.4e Standard LaTeX document class
(/usr/local/tex/texmf/tex/latex/base/size10.clo
File: size10.clo 2001/04/21 v1.4e Standard LaTeX file (size option)
)
\c@part=\count79
\c@chapter=\count80
\c@section=\count81
\c@subsection=\count82
\c@subsubsection=\count83
\c@paragraph=\count84
\c@subparagraph=\count85
\c@figure=\count86
\c@table=\count87
\abovecaptionskip=\skip41
\belowcaptionskip=\skip42
\bibindent=\dimen102
) (./shest080834.aux)
\openout1 = `shest080834.aux'.

LaTeX Font Info:    Checking defaults for OML/cmm/m/it on input line 5.
LaTeX Font Info:    ... okay on input line 5.
LaTeX Font Info:    Checking defaults for T1/cmr/m/n on input line 5.
LaTeX Font Info:    ... okay on input line 5.
LaTeX Font Info:    Checking defaults for OT1/cmr/m/n on input line 5.
LaTeX Font Info:    ... okay on input line 5.
LaTeX Font Info:    Checking defaults for OMS/cmsy/m/n on input line 5.
LaTeX Font Info:    ... okay on input line 5.
LaTeX Font Info:    Checking defaults for OMX/cmex/m/n on input line 5.
LaTeX Font Info:    ... okay on input line 5.
LaTeX Font Info:    Checking defaults for U/cmr/m/n on input line 5.
LaTeX Font Info:    ... okay on input line 5.

Overfull \hbox (88.62pt too wide) in paragraph at lines 7--8
 [] 
 []

LaTeX Font Info:    External font `cmex10' loaded for size
(Font)              <12> on input line 10.
LaTeX Font Info:    External font `cmex10' loaded for size
(Font)              <8> on input line 10.
LaTeX Font Info:    External font `cmex10' loaded for size
(Font)              <6> on input line 10.
LaTeX Font Info:    External font `cmex10' loaded for size
(Font)              <5> on input line 12.
LaTeX Font Info:    External font `cmex10' loaded for size
(Font)              <7> on input line 35.
[1

{/usr/local/tex/texmf/pdftex/base/cm.map}] [2] (./shest080834.aux) ) 
Here is how much of TeX's memory you used:
 261 strings out of 95437
 2646 string characters out of 1189984
 49784 words of memory out of 1000001
 3333 multiletter control sequences out of 10000+50000
 7197 words of font info for 26 fonts, out of 500000 for 1000
 14 hyphenation exceptions out of 1000
 24i,8n,17p,197b,303s stack positions out of 1500i,500n,5000p,200000b,5000s
 49 PDF objects out of 300000
 0 named destinations out of 131072
 0 words of extra memory for PDF output out of 65536
{/usr/local
/tex/texmf/pdftex/base/cmsy.enc}</usr/local/tex/texmf/fonts/type1/bluesky/cm/cm
sy5.pfb>{/usr/local/tex/texmf/pdftex/base/cmtext.enc}</usr/local/tex/texmf/font
s/type1/bluesky/cm/cmr6.pfb>{/usr/local/tex/texmf/pdftex/base/cmitext.enc}</usr
/local/tex/texmf/fonts/type1/bluesky/cm/cmti10.pfb></usr/local/tex/texmf/fonts/
type1/bluesky/cm/cmsy7.pfb>{/usr/local/tex/texmf/pdftex/base/cmex.enc}</usr/loc
al/tex/texmf/fonts/type1/bluesky/cm/cmex10.pfb></usr/local/tex/texmf/fonts/type
1/bluesky/cm/cmr7.pfb></usr/local/tex/texmf/fonts/type1/bluesky/cm/cmsy10.pfb>{
/usr/local/tex/texmf/pdftex/base/cmmi.enc}</usr/local/tex/texmf/fonts/type1/blu
esky/cm/cmmi7.pfb></usr/local/tex/texmf/fonts/type1/bluesky/cm/cmmi10.pfb>{/usr
/local/tex/texmf/pdftex/base/cmttext.enc}</usr/local/tex/texmf/fonts/type1/blue
sky/cm/cmtt10.pfb></usr/local/tex/texmf/fonts/type1/bluesky/cm/cmr10.pfb></usr/
local/tex/texmf/fonts/type1/bluesky/cm/cmr8.pfb></usr/local/tex/texmf/fonts/typ
e1/bluesky/cm/cmbx12.pfb></usr/local/tex/texmf/fonts/type1/bluesky/cm/cmr12.pfb
>
Output written on shest080834.pdf (2 pages, 113998 bytes).
