This is pdfTeX, Version 3.14159-1.10b (Web2C 7.4.5) (format=pdflatex 2003.4.8)  2 FEB 2004 15:48
**stcyr080298.tex
(./stcyr080298.tex{/usr/local/tex/texmf/pdftex/base/pdftex.cfg}
LaTeX2e <2001/06/01>
Babel <v3.7h> and hyphenation patterns for american, french, german, ngerman, n
ohyphenation, loaded.
(/usr/local/tex/texmf/tex/latex/base/report.cls
Document Class: report 2001/04/21 v1.4e Standard LaTeX document class
(/usr/local/tex/texmf/tex/latex/base/size10.clo
File: size10.clo 2001/04/21 v1.4e Standard LaTeX file (size option)
)
\c@part=\count79
\c@chapter=\count80
\c@section=\count81
\c@subsection=\count82
\c@subsubsection=\count83
\c@paragraph=\count84
\c@subparagraph=\count85
\c@figure=\count86
\c@table=\count87
\abovecaptionskip=\skip41
\belowcaptionskip=\skip42
\bibindent=\dimen102
)
(/usr/local/tex/texmf/tex/latex/amslatex/amsmath.sty
Package: amsmath 1996/11/01 v1.2c AMS math features
\@mathmargin=\skip43

(/usr/local/tex/texmf/tex/latex/amslatex/amstext.sty
Package: amstext 1996/10/28 v1.2b

(/usr/local/tex/texmf/tex/latex/amslatex/amsgen.sty
File: amsgen 1996/10/29 v1.2b
\@emptytoks=\toks14
\ex@=\dimen103
))
(/usr/local/tex/texmf/tex/latex/amslatex/amsbsy.sty
Package: amsbsy 1996/10/28 v1.2b
\pmbraise@=\dimen104
)
(/usr/local/tex/texmf/tex/latex/amslatex/amsopn.sty
Package: amsopn 1996/10/28 v1.2b operator names
)
LaTeX Info: Redefining \frac on input line 188.
\uproot@=\count88
\leftroot@=\count89
\classnum@=\count90
\DOTSCASE@=\count91
LaTeX Info: Redefining \dots on input line 335.
LaTeX Info: Redefining \ldots on input line 418.
LaTeX Info: Redefining \cdots on input line 422.
\Mathstrutbox@=\box26
\strutbox@=\box27
\big@size=\dimen105
LaTeX Font Info:    Redeclaring font encoding OML on input line 500.
LaTeX Font Info:    Redeclaring font encoding OMS on input line 501.
\skewcharcount@=\count92
\familycount@=\count93
\pointcount@=\count94
\accentdimen@=\dimen106
\accentmu@=\count95
\minaw@=\dimen107
\c@MaxMatrixCols=\count96
\dotsspace@=\muskip10
\c@parentequation=\count97
\dspbrk@lvl=\count98
\tag@help=\toks15
\row@=\count99
\column@=\count100
\maxfields@=\count101
\andhelp@=\toks16
\eqnshift@=\dimen108
\alignsep@=\dimen109
\tagshift@=\dimen110
\tagwidth@=\dimen111
\totwidth@=\dimen112
\lineht@=\dimen113
\@envbody=\toks17
\multlinegap=\skip44
\multlinetaggap=\skip45
)
(/usr/local/tex/texmf/tex/latex/amsfonts/amssymb.sty
Package: amssymb 2002/01/22 v2.2d

(/usr/local/tex/texmf/tex/latex/amsfonts/amsfonts.sty
Package: amsfonts 2001/10/25 v2.2f
\symAMSa=\mathgroup4
\symAMSb=\mathgroup5
LaTeX Font Info:    Overwriting math alphabet `\mathfrak' in version `bold'
(Font)                  U/euf/m/n --> U/euf/b/n on input line 132.
)) (./stcyr080298.aux)
\openout1 = `stcyr080298.aux'.

LaTeX Font Info:    Checking defaults for OML/cmm/m/it on input line 5.
LaTeX Font Info:    ... okay on input line 5.
LaTeX Font Info:    Checking defaults for T1/cmr/m/n on input line 5.
LaTeX Font Info:    ... okay on input line 5.
LaTeX Font Info:    Checking defaults for OT1/cmr/m/n on input line 5.
LaTeX Font Info:    ... okay on input line 5.
LaTeX Font Info:    Checking defaults for OMS/cmsy/m/n on input line 5.
LaTeX Font Info:    ... okay on input line 5.
LaTeX Font Info:    Checking defaults for OMX/cmex/m/n on input line 5.
LaTeX Font Info:    ... okay on input line 5.
LaTeX Font Info:    Checking defaults for U/cmr/m/n on input line 5.
LaTeX Font Info:    ... okay on input line 5.

Overfull \hbox (88.62pt too wide) in paragraph at lines 7--8
 [] 
 []


! LaTeX Error: There's no line here to end.

See the LaTeX manual or LaTeX Companion for explanation.
Type  H <return>  for immediate help.
 ...                                              
                                                  
l.11 ...ic Research \\ 1850 Table Mesa Drive \\ \\
                                                   Boulder \\ CO 80305.
? q
OK, entering \batchmode...

! LaTeX Error: Can be used only in preamble.

See the LaTeX manual or LaTeX Companion for explanation.
Type  H <return>  for immediate help.
 ...                                              
                                                  
l.17 \begin{document}
                     
Your command was ignored.
Type  I <command> <return>  to replace it with another command,
or  <return>  to continue without it.

 [1

{/usr/local/tex/texmf/pdftex/base/cm.map}]
LaTeX Font Info:    Try loading font information for U+msa on input line 21.
 (/usr/local/tex/texmf/tex/latex/amsfonts/umsa.fd
File: umsa.fd 2002/01/19 v2.2g AMS font definitions
)
LaTeX Font Info:    Try loading font information for U+msb on input line 21.
 (/usr/local/tex/texmf/tex/latex/amsfonts/umsb.fd
File: umsb.fd 2002/01/19 v2.2g AMS font definitions
) [1]
! Undefined control sequence.
l.34 \nonindent
                {\bf Introduction}
The control sequence at the end of the top line
of your error message was never \def'ed. If you have
misspelled it (e.g., `\hobx'), type `I' and the correct
spelling (e.g., `I\hbox'). Otherwise just continue,
and I'll forget about whatever was undefined.

 [1] [2] (./stcyr080298.aux) )
(\end occurred inside a group at level 1) 
Here is how much of TeX's memory you used:
 1078 strings out of 95437
 11598 string characters out of 1189984
 59022 words of memory out of 1000001
 4104 multiletter control sequences out of 10000+50000
 12034 words of font info for 47 fonts, out of 500000 for 1000
 14 hyphenation exceptions out of 1000
 28i,4n,24p,234b,247s stack positions out of 1500i,500n,5000p,200000b,5000s
 52 PDF objects out of 300000
 0 named destinations out of 131072
 0 words of extra memory for PDF output out of 65536
{/usr/local/tex/texmf/pdftex/base/cmte
xt.enc}</usr/local/tex/texmf/fonts/type1/bluesky/cm/cmbx5.pfb>{/usr/local/tex/t
exmf/pdftex/base/cmitext.enc}</usr/local/tex/texmf/fonts/type1/bluesky/cm/cmti7
.pfb>{/usr/local/tex/texmf/pdftex/base/cmtextf.enc}</usr/local/tex/texmf/fonts/
type1/bluesky/cm/cmr5.pfb></usr/local/tex/texmf/fonts/type1/bluesky/cm/cmcsc10.
pfb>{/usr/local/tex/texmf/pdftex/base/cmsy.enc}</usr/local/tex/texmf/fonts/type
1/bluesky/cm/cmsy10.pfb></usr/local/tex/texmf/fonts/type1/bluesky/cm/cmr7.pfb>{
/usr/local/tex/texmf/pdftex/base/cmmi.enc}</usr/local/tex/texmf/fonts/type1/blu
esky/cm/cmmi10.pfb></usr/local/tex/texmf/fonts/type1/bluesky/cm/cmbx10.pfb></us
r/local/tex/texmf/fonts/type1/bluesky/cm/cmr17.pfb>{/usr/local/tex/texmf/pdftex
/base/cmttext.enc}</usr/local/tex/texmf/fonts/type1/bluesky/cm/cmtt10.pfb></usr
/local/tex/texmf/fonts/type1/bluesky/cm/cmr10.pfb></usr/local/tex/texmf/fonts/t
ype1/bluesky/cm/cmbx12.pfb></usr/local/tex/texmf/fonts/type1/bluesky/cm/cmr12.p
fb>
Output written on stcyr080298.pdf (4 pages, 117820 bytes).
