This is TeX, Version 3.14159 (Web2C 7.2) (format=latex 1999.3.29)  23 MAR 2001 08:40
**all
(all.tex
LaTeX2e <1998/06/01>
(/usr/local/tex/texmf/tex/latex/base/article.cls
Document Class: article 1998/05/05 v1.3y Standard LaTeX document class
(/usr/local/tex/texmf/tex/latex/base/size11.clo
File: size11.clo 1998/05/05 v1.3y Standard LaTeX file (size option)
)
\c@part=\count79
\c@section=\count80
\c@subsection=\count81
\c@subsubsection=\count82
\c@paragraph=\count83
\c@subparagraph=\count84
\c@figure=\count85
\c@table=\count86
\abovecaptionskip=\skip41
\belowcaptionskip=\skip42
\bibindent=\dimen102
) (all.aux)
\openout1 = `all.aux'.

LaTeX Font Info:    Checking defaults for OML/cmm/m/it on input line 26.
LaTeX Font Info:    ... okay on input line 26.
LaTeX Font Info:    Checking defaults for T1/cmr/m/n on input line 26.
LaTeX Font Info:    ... okay on input line 26.
LaTeX Font Info:    Checking defaults for OT1/cmr/m/n on input line 26.
LaTeX Font Info:    ... okay on input line 26.
LaTeX Font Info:    Checking defaults for OMS/cmsy/m/n on input line 26.
LaTeX Font Info:    ... okay on input line 26.
LaTeX Font Info:    Checking defaults for OMX/cmex/m/n on input line 26.
LaTeX Font Info:    ... okay on input line 26.
LaTeX Font Info:    Checking defaults for U/cmr/m/n on input line 26.
LaTeX Font Info:    ... okay on input line 26.
LaTeX Font Info:    External font `cmex10' loaded for size
(Font)              <12> on input line 28.
LaTeX Font Info:    External font `cmex10' loaded for size
(Font)              <8> on input line 28.
LaTeX Font Info:    External font `cmex10' loaded for size
(Font)              <6> on input line 28.

Overfull \hbox (12.74599pt too wide) in paragraph at lines 39--39
[]\OT1/cmr/bx/n/14.4 Parallel al-go-rithms for un-struc-tured Gauss-Seidel mult
i-grid smoothers 
 []

LaTeX Font Info:    External font `cmex10' loaded for size
(Font)              <14.4> on input line 77.
LaTeX Font Info:    External font `cmex10' loaded for size
(Font)              <7> on input line 77.

Overfull \hbox (6.69075pt too wide) in paragraph at lines 77--77
[]\OT1/cmr/bx/n/14.4 A Divergence-Free Re-lax-ation Scheme in an $\OML/cmm/m/it
/14.4 H[]$\OT1/cmr/bx/n/14.4 -Finite El-e-ment Space:
 []

[1

]
LaTeX Font Info:    External font `cmex10' loaded for size
(Font)              <10.95> on input line 129.
 [2] [3] [4]
Overfull \hbox (2.03592pt too wide) in paragraph at lines 419--419
[]\OT1/cmr/bx/n/14.4 Subgrid Sub-struc-tur-ing Tech-niques for a Mul-ti-lay-ere
d Ocean Model 
 []

[5] [6] [7] [8] [9] [10] [11] [12]
Overfull \hbox (8.37267pt too wide) in paragraph at lines 1118--1118
[]\OT1/cmr/bx/n/14.4 Cascadic Multi-grid Sim-u-la-tion of In-com-press-ible Vis
-cous Flow Prob-
 []

[13] [14]
LaTeX Font Info:    Try loading font information for OMS+cmr on input line 1226
.
 (/usr/local/tex/texmf/tex/latex/base/omscmr.fd
File: omscmr.fd 1998/03/27 v2.5g Standard LaTeX font definitions
)
LaTeX Font Info:    Font shape `OMS/cmr/m/n' in size <10.95> not available
(Font)              Font shape `OMS/cmsy/m/n' tried instead on input line 1226.

 [15] [16] [17]
[18] [19] [20] [21] [22] [23] [24] [25] [26] [27] [28]
Overfull \hbox (10.02867pt too wide) in paragraph at lines 2480--2504
\OT1/cmr/m/n/10.95 of Unity Meth-ods, \OT1/cmr/bx/n/10.95 PUM \OT1/cmr/m/n/10.9
5 (see []\OT1/cmtt/m/n/10.95 http://wissrech.iam.uni-bonn.de/research/projects/
schweitz/pum/\OT1/cmr/m/n/10.95 ),
 []

[29] [30] [31] [32] [33] [34] [35] [36] [37] [38] (all.aux) ) 
Here is how much of TeX's memory you used:
 257 strings out of 10978
 2647 string characters out of 73699
 50207 words of memory out of 263001
 3184 multiletter control sequences out of 10000+0
 10872 words of font info for 38 fonts, out of 200000 for 1000
 14 hyphenation exceptions out of 1000
 21i,6n,24p,234b,249s stack positions out of 300i,100n,500p,30000b,4000s

Output written on all.dvi (38 pages, 161408 bytes).
