This is pdfTeX, Version 3.14159-13d (Web2C 7.3.1) (format=pdflatex 2002.4.22)  17 MAR 2003 11:13
**ALL.tex
(ALL.tex[/usr/local/tex/texmf/pdftex/base/pdftex.cfg]
LaTeX2e <1999/12/01> patch level 1
Babel <v3.6Z> and hyphenation patterns for american, french, german, ngerman, n
ohyphenation, loaded.
(/usr/local/tex/texmf/tex/latex/base/report.cls
Document Class: report 1999/09/10 v1.4a Standard LaTeX document class
(/usr/local/tex/texmf/tex/latex/base/size10.clo
File: size10.clo 1999/09/10 v1.4a Standard LaTeX file (size option)
)
\c@part=\count79
\c@chapter=\count80
\c@section=\count81
\c@subsection=\count82
\c@subsubsection=\count83
\c@paragraph=\count84
\c@subparagraph=\count85
\c@figure=\count86
\c@table=\count87
\abovecaptionskip=\skip41
\belowcaptionskip=\skip42
\bibindent=\dimen102
) (ALL.aux)
\openout1 = `ALL.aux'.

LaTeX Font Info:    Checking defaults for OML/cmm/m/it on input line 14.
LaTeX Font Info:    ... okay on input line 14.
LaTeX Font Info:    Checking defaults for T1/cmr/m/n on input line 14.
LaTeX Font Info:    ... okay on input line 14.
LaTeX Font Info:    Checking defaults for OT1/cmr/m/n on input line 14.
LaTeX Font Info:    ... okay on input line 14.
LaTeX Font Info:    Checking defaults for OMS/cmsy/m/n on input line 14.
LaTeX Font Info:    ... okay on input line 14.
LaTeX Font Info:    Checking defaults for OMX/cmex/m/n on input line 14.
LaTeX Font Info:    ... okay on input line 14.
LaTeX Font Info:    Checking defaults for U/cmr/m/n on input line 14.
LaTeX Font Info:    ... okay on input line 14.
 [1

[/usr/local/tex/texmf/pdftex/base/cm.map]]
LaTeX Font Info:    External font `cmex10' loaded for size
(Font)              <7> on input line 109.
LaTeX Font Info:    External font `cmex10' loaded for size
(Font)              <5> on input line 109.
 [2]
LaTeX Font Info:    External font `cmex10' loaded for size
(Font)              <12> on input line 184.
LaTeX Font Info:    External font `cmex10' loaded for size
(Font)              <8> on input line 184.
LaTeX Font Info:    External font `cmex10' loaded for size
(Font)              <6> on input line 184.
 [3] [4] [5] [6] [7] [8] [9] [10] [11] [12]
[13] [14] [15]
Overfull \hbox (3.82114pt too wide) in paragraph at lines 1296--1299
[]\OT1/cmr/m/n/10 [1] Yu. Kuznetsov, \OT1/cmr/m/it/10 Two-level pre-con-di-tion
-ers with pro-jec-tors for un-struc-tured grids\OT1/cmr/m/n/10 , Rus-sian J. Nu
-mer. Anal. Math. Mod-
 []

[16] [17] [18]
Missing character: There is no ^^a0 in font cmr10!

Overfull \hbox (7.65102pt too wide) in paragraph at lines 1543--1546
[]\OT1/cmr/m/n/10 [3] Griebel, M., Oeltz, D. and Schweitzer, M.A., \OT1/cmr/m/i
t/10 An Al-ge-braic Multi-grid Method for Lin-ear Elas-tic-ity\OT1/cmr/m/n/10 ,
 SIAM J. Sci. Comp.,
 []

[19] [20] [21] [22] [23] [24] [25] [26] [27] [28] [29] (ALL.aux) ) 
Here is how much of TeX's memory you used:
 251 strings out of 10631
 2482 string characters out of 68441
 50570 words of memory out of 263001
 3279 multiletter control sequences out of 10000+0
 9075 words of font info for 32 fonts, out of 400000 for 1000
 14 hyphenation exceptions out of 1000
 23i,5n,17p,416b,284s stack positions out of 300i,100n,500p,50000b,4000s
<cmitext.enc>
<cmbxti10.pfb><cmsy.enc><cmsy10.pfb><cmttext.enc><cmtt10.pfb><cmtext.enc><cmr7.
pfb><cmr8.pfb><cmmi.enc><cmmi12.pfb><cmti10.pfb><cmmi7.pfb><cmbx10.pfb><cmmi10.
pfb><cmr10.pfb><cmr12.pfb><cmbx12.pfb>
Output written on ALL.pdf (29 pages, 390714 bytes).
