This is TeX, Version 3.14159 (Web2C 7.4.5) (format=latex 2003.4.8)  11 MAR 2006 22:44
**./images.tex
(./images.tex
LaTeX2e <2001/06/01>
Babel <v3.7h> and hyphenation patterns for american, french, german, ngerman, n
ohyphenation, loaded.

(/export/local/tex/texmf/tex/latex/base/report.cls
Document Class: report 2001/04/21 v1.4e Standard LaTeX document class
(/export/local/tex/texmf/tex/latex/base/size10.clo
File: size10.clo 2001/04/21 v1.4e Standard LaTeX file (size option)
)
\c@part=\count79
\c@chapter=\count80
\c@section=\count81
\c@subsection=\count82
\c@subsubsection=\count83
\c@paragraph=\count84
\c@subparagraph=\count85
\c@figure=\count86
\c@table=\count87
\abovecaptionskip=\skip41
\belowcaptionskip=\skip42
\bibindent=\dimen102
) (/export/local/tex/texmf/tex/latex/base/ifthen.sty
Package: ifthen 2001/05/26 v1.1c Standard LaTeX ifthen package (DPC)
) (/export/local/tex/texmf/tex/latex/amslatex/amsmath.sty
Package: amsmath 1996/11/01 v1.2c AMS math features
\@mathmargin=\skip43
(/export/local/tex/texmf/tex/latex/amslatex/amstext.sty
Package: amstext 1996/10/28 v1.2b
(/export/local/tex/texmf/tex/latex/amslatex/amsgen.sty
File: amsgen 1996/10/29 v1.2b
\@emptytoks=\toks14
\ex@=\dimen103
)) (/export/local/tex/texmf/tex/latex/amslatex/amsbsy.sty
Package: amsbsy 1996/10/28 v1.2b
\pmbraise@=\dimen104
) (/export/local/tex/texmf/tex/latex/amslatex/amsopn.sty
Package: amsopn 1996/10/28 v1.2b operator names
)
LaTeX Info: Redefining \frac on input line 188.
\uproot@=\count88
\leftroot@=\count89
\classnum@=\count90
\DOTSCASE@=\count91
LaTeX Info: Redefining \dots on input line 335.
LaTeX Info: Redefining \ldots on input line 418.
LaTeX Info: Redefining \cdots on input line 422.
\Mathstrutbox@=\box26
\strutbox@=\box27
\big@size=\dimen105
LaTeX Font Info:    Redeclaring font encoding OML on input line 500.
LaTeX Font Info:    Redeclaring font encoding OMS on input line 501.
\skewcharcount@=\count92
\familycount@=\count93
\pointcount@=\count94
\accentdimen@=\dimen106
\accentmu@=\count95
\minaw@=\dimen107
\c@MaxMatrixCols=\count96
\dotsspace@=\muskip10
\c@parentequation=\count97
\dspbrk@lvl=\count98
\tag@help=\toks15
\row@=\count99
\column@=\count100
\maxfields@=\count101
\andhelp@=\toks16
\eqnshift@=\dimen108
\alignsep@=\dimen109
\tagshift@=\dimen110
\tagwidth@=\dimen111
\totwidth@=\dimen112
\lineht@=\dimen113
\@envbody=\toks17
\multlinegap=\skip44
\multlinetaggap=\skip45
) (/export/local/tex/texmf/tex/latex/amsfonts/amssymb.sty
Package: amssymb 2002/01/22 v2.2d
(/export/local/tex/texmf/tex/latex/amsfonts/amsfonts.sty
Package: amsfonts 2001/10/25 v2.2f
\symAMSa=\mathgroup4
\symAMSb=\mathgroup5
LaTeX Font Info:    Overwriting math alphabet `\mathfrak' in version `bold'
(Font)                  U/euf/m/n --> U/euf/b/n on input line 132.
)) (/export/local/tex/texmf/tex/latex/graphics/color.sty
Package: color 1999/02/16 v1.0i Standard LaTeX Color (DPC)
(/export/local/tex/texmf/tex/latex/config/color.cfg
File: color.cfg 2001/08/31 v1.1 color configuration of teTeX/TeXLive
)
Package color Info: Driver file: dvips.def on input line 125.
(/export/local/tex/texmf/tex/latex/graphics/dvips.def
File: dvips.def 1999/02/16 v3.0i Driver-dependant file (DPC,SPQR)
) (/export/local/tex/texmf/tex/latex/graphics/dvipsnam.def
File: dvipsnam.def 1999/02/16 v3.0i Driver-dependant file (DPC,SPQR)
)) (/export/local/tex/texmf/tex/latex/base/inputenc.sty
Package: inputenc 2001/07/10 v0.99a Input encoding file 
)
\sizebox=\box28
\lthtmlwrite=\write3
No file images.aux.
\openout1 = `images.aux'.

LaTeX Font Info:    Checking defaults for OML/cmm/m/it on input line 156.
LaTeX Font Info:    ... okay on input line 156.
LaTeX Font Info:    Checking defaults for T1/cmr/m/n on input line 156.
LaTeX Font Info:    ... okay on input line 156.
LaTeX Font Info:    Checking defaults for OT1/cmr/m/n on input line 156.
LaTeX Font Info:    ... okay on input line 156.
LaTeX Font Info:    Checking defaults for OMS/cmsy/m/n on input line 156.
LaTeX Font Info:    ... okay on input line 156.
LaTeX Font Info:    Checking defaults for OMX/cmex/m/n on input line 156.
LaTeX Font Info:    ... okay on input line 156.
LaTeX Font Info:    Checking defaults for U/cmr/m/n on input line 156.
LaTeX Font Info:    ... okay on input line 156.

latex2htmlLength hsize=349.0pt

latex2htmlLength vsize=633.0pt

latex2htmlLength hoffset=0.0pt

latex2htmlLength voffset=0.0pt

latex2htmlLength topmargin=0.0pt

latex2htmlLength topskip=0.00003pt

latex2htmlLength headheight=0.0pt

latex2htmlLength headsep=0.0pt

latex2htmlLength parskip=0.0pt plus 1.0pt

latex2htmlLength oddsidemargin=62.0pt

latex2htmlLength evensidemargin=62.0pt

LaTeX Font Info:    Try loading font information for U+msa on input line 180.
(/export/local/tex/texmf/tex/latex/amsfonts/umsa.fd
File: umsa.fd 2002/01/19 v2.2g AMS font definitions
)
LaTeX Font Info:    Try loading font information for U+msb on input line 180.
(/export/local/tex/texmf/tex/latex/amsfonts/umsb.fd
File: umsb.fd 2002/01/19 v2.2g AMS font definitions
)
l2hSize :tex2html_wrap_inline332:6.95831pt::6.95831pt::12.60945pt.
[1



]
l2hSize :tex2html_wrap_inline334:6.59525pt::0.0pt::3.94516pt.
[2


]
l2hSize :tex2html_wrap_inline336:6.95831pt::6.95831pt::13.7663pt.
[3


]
l2hSize :tex2html_wrap_indisplay338:8.0pt::8.0pt::202.59885pt.
[4


]
l2hSize :tex2html_wrap_indisplay341:14.88892pt::14.88892pt::180.48227pt.
[5


]
l2hSize :tex2html_wrap_indisplay343:8.0pt::8.0pt::96.68303pt.
[6


]
l2hSize :tex2html_wrap_inline345:6.95831pt::6.95831pt::14.94913pt.
[7


]
l2hSize :tex2html_wrap_inline349:7.09525pt::7.09525pt::5.19052pt.
[8


]
l2hSize :tex2html_wrap_inline353:6.94444pt::0.0pt::33.79153pt.
[9


]
l2hSize :tex2html_wrap_inline355:6.83331pt::0.0pt::8.00005pt.
[10


]
l2hSize :tex2html_wrap_inline357:7.44444pt::7.44444pt::6.47229pt.
[11


]
l2hSize :tex2html_wrap_inline359:6.45831pt::0.0pt::6.56944pt.
[12


]
l2hSize :tex2html_wrap_inline361:8.49002pt::0.0pt::11.98686pt.
[13


]
l2hSize :tex2html_wrap_inline371:7.33331pt::7.33331pt::47.95813pt.
[14


]
l2hSize :tex2html_wrap_inline375:8.0pt::8.0pt::69.50047pt.
[15


]
l2hSize :tex2html_wrap_inline379:8.0pt::8.0pt::72.07054pt.
[16


]
l2hSize :tex2html_wrap_inline381:8.0pt::8.0pt::24.8334pt.
[17


]
l2hSize :tex2html_wrap_inline383:8.0pt::8.0pt::218.40442pt.
[18


]
l2hSize :tex2html_wrap_inline385:8.0pt::8.0pt::29.55563pt.
[19


]
l2hSize :tex2html_wrap_inline387:11.31119pt::11.31119pt::153.08157pt.
[20


]
l2hSize :tex2html_wrap_indisplay398:9.00005pt::9.00005pt::49.64374pt.
[21


]
l2hSize :tex2html_wrap_indisplay400:6.95831pt::6.95831pt::8.27783pt.
[22


]
l2hSize :tex2html_wrap_indisplay402:14.09839pt::14.09839pt::117.75494pt.
[23


]
l2hSize :tex2html_wrap_indisplay404:9.00005pt::9.00005pt::50.23305pt.
[24


]
l2hSize :tex2html_wrap_indisplay408:14.09839pt::14.09839pt::102.08672pt.
[25


]
l2hSize :tex2html_wrap_inline410:7.33331pt::7.33331pt::14.86464pt.
[26


]
l2hSize :tex2html_wrap_inline412:6.94444pt::0.0pt::6.02087pt.
[27


]
l2hSize :tex2html_wrap_inline414:7.33331pt::7.33331pt::29.38448pt.
[28


]
l2hSize :tex2html_wrap_inline416:7.44444pt::7.44444pt::10.1922pt.
[29


]
l2hSize :tex2html_wrap_inline418:7.44444pt::7.44444pt::10.1922pt.
[30


]
l2hSize :tex2html_wrap_inline420:7.33331pt::7.33331pt::10.96533pt.
[31


]
l2hSize :tex2html_wrap_inline428:9.00005pt::9.00005pt::67.97697pt.
[32


]
l2hSize :tex2html_wrap_inline430:7.33331pt::7.33331pt::84.44154pt.
[33


]
l2hSize :tex2html_wrap_inline432:6.83331pt::0.0pt::7.3056pt.
[34


]
l2hSize :tex2html_wrap_inline434:7.33331pt::7.33331pt::31.05917pt.
[35


]
l2hSize :tex2html_wrap_inline438:8.14003pt::0.0pt::37.37733pt.
[36


]
l2hSize :tex2html_wrap_inline440:6.95831pt::6.95831pt::54.9444pt.
[37


]
l2hSize :tex2html_wrap_inline442:6.95831pt::6.95831pt::54.9444pt.
[38


]
l2hSize :tex2html_wrap_inline444:6.95831pt::6.95831pt::69.94444pt.
[39


]
l2hSize :tex2html_wrap_inline446:8.14003pt::0.0pt::21.2362pt.
[40


] (./images.aux) ) 
Here is how much of TeX's memory you used:
 1452 strings out of 95847
 16923 string characters out of 1195703
 58508 words of memory out of 1000001
 4411 multiletter control sequences out of 10000+50000
 6266 words of font info for 25 fonts, out of 500000 for 1000
 14 hyphenation exceptions out of 1000
 28i,5n,24p,204b,227s stack positions out of 1500i,500n,5000p,200000b,5000s

Output written on images.dvi (40 pages, 10004 bytes).
