This is pdfeTeX, Version 3.141592-1.21a-2.2 (Web2C 7.5.4) (format=latex 2006.11.27)  2 MAR 2010 17:06
entering extended mode
**./images.tex
(./images.tex
LaTeX2e <2003/12/01>
Babel <v3.8d> and hyphenation patterns for american, french, german, ngerman, b
ahasa, basque, bulgarian, catalan, croatian, czech, danish, dutch, esperanto, e
stonian, finnish, greek, icelandic, irish, italian, latin, magyar, norsk, polis
h, portuges, romanian, russian, serbian, slovak, slovene, spanish, swedish, tur
kish, ukrainian, nohyphenation, loaded.

(/usr/share/texmf/tex/latex/base/report.cls
Document Class: report 2004/02/16 v1.4f Standard LaTeX document class
(/usr/share/texmf/tex/latex/base/size10.clo
File: size10.clo 2004/02/16 v1.4f Standard LaTeX file (size option)
)
\c@part=\count79
\c@chapter=\count80
\c@section=\count81
\c@subsection=\count82
\c@subsubsection=\count83
\c@paragraph=\count84
\c@subparagraph=\count85
\c@figure=\count86
\c@table=\count87
\abovecaptionskip=\skip41
\belowcaptionskip=\skip42
\bibindent=\dimen102
) (/usr/share/texmf/tex/latex/base/ifthen.sty
Package: ifthen 2001/05/26 v1.1c Standard LaTeX ifthen package (DPC)
) (/usr/share/texmf/tex/latex/amsmath/amsmath.sty
Package: amsmath 2000/07/18 v2.13 AMS math features
\@mathmargin=\skip43
For additional information on amsmath, use the `?' option.
(/usr/share/texmf/tex/latex/amsmath/amstext.sty
Package: amstext 2000/06/29 v2.01
(/usr/share/texmf/tex/latex/amsmath/amsgen.sty
File: amsgen.sty 1999/11/30 v2.0
\@emptytoks=\toks14
\ex@=\dimen103
)) (/usr/share/texmf/tex/latex/amsmath/amsbsy.sty
Package: amsbsy 1999/11/29 v1.2d
\pmbraise@=\dimen104
) (/usr/share/texmf/tex/latex/amsmath/amsopn.sty
Package: amsopn 1999/12/14 v2.01 operator names
)
\inf@bad=\count88
LaTeX Info: Redefining \frac on input line 211.
\uproot@=\count89
\leftroot@=\count90
LaTeX Info: Redefining \overline on input line 307.
\classnum@=\count91
\DOTSCASE@=\count92
LaTeX Info: Redefining \ldots on input line 379.
LaTeX Info: Redefining \dots on input line 382.
LaTeX Info: Redefining \cdots on input line 467.
\Mathstrutbox@=\box26
\strutbox@=\box27
\big@size=\dimen105
LaTeX Font Info:    Redeclaring font encoding OML on input line 567.
LaTeX Font Info:    Redeclaring font encoding OMS on input line 568.
\macc@depth=\count93
\c@MaxMatrixCols=\count94
\dotsspace@=\muskip10
\c@parentequation=\count95
\dspbrk@lvl=\count96
\tag@help=\toks15
\row@=\count97
\column@=\count98
\maxfields@=\count99
\andhelp@=\toks16
\eqnshift@=\dimen106
\alignsep@=\dimen107
\tagshift@=\dimen108
\tagwidth@=\dimen109
\totwidth@=\dimen110
\lineht@=\dimen111
\@envbody=\toks17
\multlinegap=\skip44
\multlinetaggap=\skip45
\mathdisplay@stack=\toks18
LaTeX Info: Redefining \[ on input line 2666.
LaTeX Info: Redefining \] on input line 2667.
) (/usr/share/texmf/tex/latex/amsfonts/amssymb.sty
Package: amssymb 2002/01/22 v2.2d
(/usr/share/texmf/tex/latex/amsfonts/amsfonts.sty
Package: amsfonts 2001/10/25 v2.2f
\symAMSa=\mathgroup4
\symAMSb=\mathgroup5
LaTeX Font Info:    Overwriting math alphabet `\mathfrak' in version `bold'
(Font)                  U/euf/m/n --> U/euf/b/n on input line 132.
)) (/usr/share/texmf/tex/latex/graphics/color.sty
Package: color 1999/02/16 v1.0i Standard LaTeX Color (DPC)
(/usr/share/texmf/tex/latex/graphics/color.cfg
File: color.cfg 2005/02/03 v1.3 color configuration of teTeX/TeXLive
)
Package color Info: Driver file: dvips.def on input line 125.
(/usr/share/texmf/tex/latex/graphics/dvips.def
File: dvips.def 1999/02/16 v3.0i Driver-dependant file (DPC,SPQR)
) (/usr/share/texmf/tex/latex/graphics/dvipsnam.def
File: dvipsnam.def 1999/02/16 v3.0i Driver-dependant file (DPC,SPQR)
)) (/usr/share/texmf/tex/latex/base/inputenc.sty
Package: inputenc 2004/02/05 v1.0d Input encoding file
)
\sizebox=\box28
\lthtmlwrite=\write3
No file images.aux.
\openout1 = `images.aux'.

LaTeX Font Info:    Checking defaults for OML/cmm/m/it on input line 127.
LaTeX Font Info:    ... okay on input line 127.
LaTeX Font Info:    Checking defaults for T1/cmr/m/n on input line 127.
LaTeX Font Info:    ... okay on input line 127.
LaTeX Font Info:    Checking defaults for OT1/cmr/m/n on input line 127.
LaTeX Font Info:    ... okay on input line 127.
LaTeX Font Info:    Checking defaults for OMS/cmsy/m/n on input line 127.
LaTeX Font Info:    ... okay on input line 127.
LaTeX Font Info:    Checking defaults for OMX/cmex/m/n on input line 127.
LaTeX Font Info:    ... okay on input line 127.
LaTeX Font Info:    Checking defaults for U/cmr/m/n on input line 127.
LaTeX Font Info:    ... okay on input line 127.

latex2htmlLength hsize=349.0pt

latex2htmlLength vsize=633.0pt

latex2htmlLength hoffset=0.0pt

latex2htmlLength voffset=0.0pt

latex2htmlLength topmargin=0.0pt

latex2htmlLength topskip=0.00003pt

latex2htmlLength headheight=0.0pt

latex2htmlLength headsep=0.0pt

latex2htmlLength parskip=10.00002pt

latex2htmlLength oddsidemargin=62.0pt

latex2htmlLength evensidemargin=62.0pt

LaTeX Font Info:    Try loading font information for U+msa on input line 151.
(/usr/share/texmf/tex/latex/amsfonts/umsa.fd
File: umsa.fd 2002/01/19 v2.2g AMS font definitions
)
LaTeX Font Info:    Try loading font information for U+msb on input line 151.
(/usr/share/texmf/tex/latex/amsfonts/umsb.fd
File: umsb.fd 2002/01/19 v2.2g AMS font definitions
)
! You can't use `\eqno' in math mode.
\eqno ->\@@eqno 
                \let \eqno \relax \let \leqno \relax 
l.151 $\displaystyle {A}(\xi)x(\xi)={b}(\xi) \eqno
                                                  {(1)}
Sorry, but I'm not programmed to handle this case;
I'll just pretend that you didn't ask for it.
If you're in the wrong mode, you might be able to
return to the right one by typing `I}' or `I$' or `I\par'.

l2hSize :tex2html_wrap_indisplay274:8.0pt::8.0pt::81.95667pt.
[1



]
l2hSize :tex2html_wrap_inline276:8.91226pt::8.91226pt::33.65585pt.
[2


]
l2hSize :tex2html_wrap_inline278:8.91226pt::8.91226pt::74.73914pt.
[3


]
l2hSize :tex2html_wrap_inline280:8.91226pt::8.91226pt::84.4591pt.
[4


]
l2hSize :tex2html_wrap_inline282:7.44444pt::7.44444pt::5.33511pt.
[5


]
l2hSize :tex2html_wrap_inline284:8.0pt::8.0pt::20.89072pt.
[6


]
l2hSize :tex2html_wrap_inline286:8.91226pt::8.91226pt::70.0574pt.
[7


]
l2hSize :tex2html_wrap_inline288:8.91226pt::8.91226pt::71.48102pt.
[8


]
l2hSize :tex2html_wrap_inline290:8.0pt::8.0pt::20.61293pt.
[9


]
l2hSize :tex2html_wrap_inline292:8.0pt::8.0pt::17.40457pt.
[10


]
l2hSize :tex2html_wrap_inline294:10.3112pt::10.3112pt::92.93584pt.
[11


]
l2hSize :tex2html_wrap_inline296:10.3112pt::10.3112pt::86.51912pt.
[12


]
l2hSize :tex2html_wrap_inline298:8.0pt::8.0pt::22.98387pt.
[13


]
l2hSize :tex2html_wrap_inline302:8.5556pt::8.5556pt::109.35062pt.
[14


]
l2hSize :tex2html_wrap_inline304:10.3112pt::10.3112pt::96.03406pt.
[15


]
l2hSize :tex2html_wrap_inline306:7.38889pt::7.38889pt::34.43225pt.
[16


]
l2hSize :tex2html_wrap_indisplay308:18.78339pt::18.78339pt::147.56474pt.
[17


]
! You can't use `\eqno' in math mode.
\eqno ->\@@eqno 
                \let \eqno \relax \let \leqno \relax 
l.262 $\displaystyle ~k=0,1,\ldots,P. \eqno
                                           {(2)}
Sorry, but I'm not programmed to handle this case;
I'll just pretend that you didn't ask for it.
If you're in the wrong mode, you might be able to
return to the right one by typing `I}' or `I$' or `I\par'.

l2hSize :tex2html_wrap_indisplay309:8.0pt::8.0pt::81.60744pt.
[18


]
l2hSize :tex2html_wrap_inline313:7.33331pt::7.33331pt::15.77785pt.
[19


]
l2hSize :tex2html_wrap_inline315:10.3112pt::10.3112pt::120.6052pt.
[20


]
l2hSize :tex2html_wrap_inline317:8.0pt::8.0pt::23.42542pt.
[21


]
l2hSize :tex2html_wrap_inline321:8.0pt::8.0pt::25.4959pt.
[22


]
! You can't use `\eqno' in math mode.
\eqno ->\@@eqno 
                \let \eqno \relax \let \leqno \relax 
l.296 \rangle,\eqno
                   {(3)}
Sorry, but I'm not programmed to handle this case;
I'll just pretend that you didn't ask for it.
If you're in the wrong mode, you might be able to
return to the right one by typing `I}' or `I$' or `I\par'.

l2hSize :tex2html_wrap_indisplay323:18.89452pt::18.89452pt::194.7868pt.
[23


]
l2hSize :tex2html_wrap_inline325:6.95831pt::6.95831pt::8.3409pt.
[24


]
l2hSize :tex2html_wrap_inline327:6.59525pt::0.0pt::3.94516pt.
[25


]
l2hSize :tex2html_wrap_inline329:8.0pt::8.0pt::105.47095pt.
[26


]
l2hSize :tex2html_wrap_inline331:10.3112pt::10.3112pt::170.04297pt.
[27


]
l2hSize :tex2html_wrap_inline333:6.83331pt::0.0pt::8.30907pt.
[28


]
l2hSize :tex2html_wrap_inline337:8.0pt::8.0pt::44.68765pt.
[29


]
l2hSize :tex2html_wrap_inline339:8.91226pt::8.91226pt::122.00395pt.
[30


]
l2hSize :tex2html_wrap_inline343:8.0pt::8.0pt::25.4959pt.
[31


]
l2hSize :tex2html_wrap_inline345:8.0pt::8.0pt::55.64168pt.
[32


] (./images.aux) ) 
Here is how much of TeX's memory you used:
 1501 strings out of 94500
 17422 string characters out of 1172832
 62377 words of memory out of 3500000
 4702 multiletter control sequences out of 10000+50000
 5339 words of font info for 22 fonts, out of 500000 for 2000
 580 hyphenation exceptions out of 1000
 27i,5n,24p,204b,147s stack positions out of 1500i,500n,5000p,200000b,5000s

Output written on images.dvi (32 pages, 8912 bytes).
