This is pdfTeX, Version 3.14159-1.10b (Web2C 7.4.5) (format=pdflatex 2003.4.8)  16 MAR 2005 09:17
**ALL
(./ALL.tex{/export/local/tex/texmf/pdftex/base/pdftex.cfg}
LaTeX2e <2001/06/01>
Babel <v3.7h> and hyphenation patterns for american, french, german, ngerman, n
ohyphenation, loaded.
(/export/local/tex/texmf/tex/latex/base/report.cls
Document Class: report 2001/04/21 v1.4e Standard LaTeX document class
(/export/local/tex/texmf/tex/latex/base/size10.clo
File: size10.clo 2001/04/21 v1.4e Standard LaTeX file (size option)
)
\c@part=\count79
\c@chapter=\count80
\c@section=\count81
\c@subsection=\count82
\c@subsubsection=\count83
\c@paragraph=\count84
\c@subparagraph=\count85
\c@figure=\count86
\c@table=\count87
\abovecaptionskip=\skip41
\belowcaptionskip=\skip42
\bibindent=\dimen102
)
(/export/local/tex/texmf/tex/latex/amslatex/amsmath.sty
Package: amsmath 1996/11/01 v1.2c AMS math features
\@mathmargin=\skip43

(/export/local/tex/texmf/tex/latex/amslatex/amstext.sty
Package: amstext 1996/10/28 v1.2b

(/export/local/tex/texmf/tex/latex/amslatex/amsgen.sty
File: amsgen 1996/10/29 v1.2b
\@emptytoks=\toks14
\ex@=\dimen103
))
(/export/local/tex/texmf/tex/latex/amslatex/amsbsy.sty
Package: amsbsy 1996/10/28 v1.2b
\pmbraise@=\dimen104
)
(/export/local/tex/texmf/tex/latex/amslatex/amsopn.sty
Package: amsopn 1996/10/28 v1.2b operator names
)
LaTeX Info: Redefining \frac on input line 188.
\uproot@=\count88
\leftroot@=\count89
\classnum@=\count90
\DOTSCASE@=\count91
LaTeX Info: Redefining \dots on input line 335.
LaTeX Info: Redefining \ldots on input line 418.
LaTeX Info: Redefining \cdots on input line 422.
\Mathstrutbox@=\box26
\strutbox@=\box27
\big@size=\dimen105
LaTeX Font Info:    Redeclaring font encoding OML on input line 500.
LaTeX Font Info:    Redeclaring font encoding OMS on input line 501.
\skewcharcount@=\count92
\familycount@=\count93
\pointcount@=\count94
\accentdimen@=\dimen106
\accentmu@=\count95
\minaw@=\dimen107
\c@MaxMatrixCols=\count96
\dotsspace@=\muskip10
\c@parentequation=\count97
\dspbrk@lvl=\count98
\tag@help=\toks15
\row@=\count99
\column@=\count100
\maxfields@=\count101
\andhelp@=\toks16
\eqnshift@=\dimen108
\alignsep@=\dimen109
\tagshift@=\dimen110
\tagwidth@=\dimen111
\totwidth@=\dimen112
\lineht@=\dimen113
\@envbody=\toks17
\multlinegap=\skip44
\multlinetaggap=\skip45
)
(/export/local/tex/texmf/tex/latex/amsfonts/amssymb.sty
Package: amssymb 2002/01/22 v2.2d

(/export/local/tex/texmf/tex/latex/amsfonts/amsfonts.sty
Package: amsfonts 2001/10/25 v2.2f
\symAMSa=\mathgroup4
\symAMSb=\mathgroup5
LaTeX Font Info:    Overwriting math alphabet `\mathfrak' in version `bold'
(Font)                  U/euf/m/n --> U/euf/b/n on input line 132.
))
(/export/local/tex/texmf/tex/latex/graphics/graphicx.sty
Package: graphicx 1999/02/16 v1.0f Enhanced LaTeX Graphics (DPC,SPQR)

(/export/local/tex/texmf/tex/latex/graphics/keyval.sty
Package: keyval 1999/03/16 v1.13 key=value parser (DPC)
\KV@toks@=\toks18
)
(/export/local/tex/texmf/tex/latex/graphics/graphics.sty
Package: graphics 2001/07/07 v1.0n Standard LaTeX Graphics (DPC,SPQR)

(/export/local/tex/texmf/tex/latex/graphics/trig.sty
Package: trig 1999/03/16 v1.09 sin cos tan (DPC)
)
(/export/local/tex/texmf/tex/latex/config/graphics.cfg
File: graphics.cfg 2001/08/31 v1.1 graphics configuration of teTeX/TeXLive
)
Package graphics Info: Driver file: pdftex.def on input line 80.

(/export/local/tex/texmf/tex/latex/graphics/pdftex.def
File: pdftex.def 2002/06/19 v0.03k graphics/color for pdftex
\Gread@gobject=\count102
))
\Gin@req@height=\dimen114
\Gin@req@width=\dimen115
)

LaTeX Warning: Unused global option(s):
    [twosided].

(./ALL.aux)
\openout1 = `ALL.aux'.

LaTeX Font Info:    Checking defaults for OML/cmm/m/it on input line 23.
LaTeX Font Info:    ... okay on input line 23.
LaTeX Font Info:    Checking defaults for T1/cmr/m/n on input line 23.
LaTeX Font Info:    ... okay on input line 23.
LaTeX Font Info:    Checking defaults for OT1/cmr/m/n on input line 23.
LaTeX Font Info:    ... okay on input line 23.
LaTeX Font Info:    Checking defaults for OMS/cmsy/m/n on input line 23.
LaTeX Font Info:    ... okay on input line 23.
LaTeX Font Info:    Checking defaults for OMX/cmex/m/n on input line 23.
LaTeX Font Info:    ... okay on input line 23.
LaTeX Font Info:    Checking defaults for U/cmr/m/n on input line 23.
LaTeX Font Info:    ... okay on input line 23.
 (/export/local/tex/texmf/tex/latex/graphics/supp-pdf.tex
(/export/local/tex/texmf/tex/latex/graphics/supp-mis.tex
loading : Context Support Macros / Missing
\protectiondepth=\count103
\scratchcounter=\count104
\scratchtoks=\toks19
\scratchdimen=\dimen116
\scratchskip=\skip46
\scratchmuskip=\muskip11
\scratchbox=\box28
\scratchread=\read1
\scratchwrite=\write3
\nextbox=\box29
\nextdepth=\dimen117
\everyline=\toks20
\!!counta=\count105
\!!countb=\count106
\recursecounter=\count107
)
loading : Context Support Macros / PDF
\nofMPsegments=\count108
\nofMParguments=\count109
\everyMPtoPDFconversion=\toks21
) [1

{/export/local/tex/texmf/pdftex/base/cm.map}]
LaTeX Font Info:    Try loading font information for U+msa on input line 348.

(/export/local/tex/texmf/tex/latex/amsfonts/umsa.fd
File: umsa.fd 2002/01/19 v2.2g AMS font definitions
)
LaTeX Font Info:    Try loading font information for U+msb on input line 348.

(/export/local/tex/texmf/tex/latex/amsfonts/umsb.fd
File: umsb.fd 2002/01/19 v2.2g AMS font definitions
) [2] [3] [4] [5] [6]
[7] [8] [9] [10]
Overfull \hbox (0.23662pt too wide) in paragraph at lines 1034--1042
/cmr10/dis-cretiza-tions and quasi-uniform res-o-lu-tion (which elim-i-nates th
e pole prob-lem of con-ven-tional latitude-longitude
 []

[11] [12] [13] [14] [15] [16] <KimDfig1.png, id=97, 420.57124pt x 316.18124pt>
File: KimDfig1.png Graphic file (type png)

<use KimDfig1.png> <KimDfig2.png, id=98, 420.57124pt x 316.18124pt>
File: KimDfig2.png Graphic file (type png)

<use KimDfig2.png> [17 <./KimDfig1.png>] [18 <./KimDfig2.png>] [19]
<lashuk.png, id=114, 539.01375pt x 180.675pt>
File: lashuk.png Graphic file (type png)
 <use lashuk.png> [20 <./lashuk.png>]
Overfull \hbox (16.8836pt too wide) in paragraph at lines 1904--1907
[]/cmr10/[2] An-cona M.G. 1998. /cmti10/Sim-u-la-tion of quan-tum con-fine-ment
 ef-fects in Ultra-Thin-oxide MOS struc-tures/cmr10/. J. Tech. CAD
 []

[21] [22] [23] [24] [25] [26] [27] [28] [29] [30] [31]
Missing character: There is no ^^e2 in font cmr10!
Missing character: There is no ^^80 in font cmr10!
Missing character: There is no ^^99 in font cmr10!
 [32] [33] [34] [35]
[36]
Missing character: There is no ^^e2 in font cmr10!
Missing character: There is no ^^80 in font cmr10!
Missing character: There is no ^^93 in font cmr10!
Missing character: There is no ^^e2 in font cmr10!
Missing character: There is no ^^80 in font cmr10!
Missing character: There is no ^^93 in font cmr10!
 [37] [38] [39] [40] (./ALL.aux) ) 
Here is how much of TeX's memory you used:
 1786 strings out of 95437
 20329 string characters out of 1189984
 70900 words of memory out of 1000001
 4779 multiletter control sequences out of 10000+50000
 14650 words of font info for 55 fonts, out of 500000 for 1000
 14 hyphenation exceptions out of 1000
 28i,9n,24p,195b,258s stack positions out of 1500i,500n,5000p,200000b,5000s
 184 PDF objects out of 300000
 0 named destinations out of 131072
 15 words of extra memory for PDF output out of 65536
{/export/local/tex/texmf/pdftex/base/cmex.enc
}</export/local/tex/texmf/fonts/type1/bluesky/cm/cmex10.pfb>{/export/local/tex/
texmf/pdftex/base/cmtext.enc}</export/local/tex/texmf/fonts/type1/bluesky/cm/cm
bx7.pfb>{/export/local/tex/texmf/pdftex/base/cmsy.enc}</export/local/tex/texmf/
fonts/type1/bluesky/cm/cmsy7.pfb>{/export/local/tex/texmf/pdftex/base/cmmi.enc}
</export/local/tex/texmf/fonts/type1/bluesky/cm/cmmi5.pfb>{/export/local/tex/te
xmf/pdftex/base/cmitext.enc}</export/local/tex/texmf/fonts/type1/bluesky/cm/cmb
xti10.pfb></export/local/tex/texmf/fonts/type1/bluesky/cm/cmr8.pfb></export/loc
al/tex/texmf/fonts/type1/bluesky/cm/cmmi12.pfb></export/local/tex/texmf/fonts/t
ype1/bluesky/cm/cmbx10.pfb></export/local/tex/texmf/fonts/type1/bluesky/cm/cmti
10.pfb></export/local/tex/texmf/fonts/type1/bluesky/cm/cmmi7.pfb></export/local
/tex/texmf/fonts/type1/bluesky/cm/cmmi10.pfb></export/local/tex/texmf/fonts/typ
e1/bluesky/cm/cmsy10.pfb></export/local/tex/texmf/fonts/type1/bluesky/cm/cmr7.p
fb>{/export/local/tex/texmf/pdftex/base/cmttext.enc}</export/local/tex/texmf/fo
nts/type1/bluesky/cm/cmtt10.pfb></export/local/tex/texmf/fonts/type1/bluesky/cm
/cmr10.pfb
Warning: pdflatex (file /export/local/tex/texmf/fonts/type1/bluesky/cm/cmr10.pf
b): glyph `polishlcross' undefined
></export/local/tex/texmf/fonts/type1/bluesky/cm/cmr12.pfb></export/local/tex/t
exmf/fonts/type1/bluesky/cm/cmbx12.pfb>
Output written on ALL.pdf (40 pages, 879277 bytes).
