
\begin{list}

p.\pageref{alber}:
\item David Alber,
{\em Modifying CLJP Coarse Grid Selection to Attain Lower Complexities}

p.\pageref{berndt}:
\item Markus Berndt, J. David Moulton, Glen Hansen,
{\em Toward an efficient nonlinear solver for an mesh smoothing problem}

p.\pageref{bedrzins}:
\item Martin Bedrzins, Christopher Goodyer,
{\em Efficient parallelisation of a multigrid multilevel integration EHL solver}

p.\pageref{boonen}:
\item Tim Boonen, Stefan Vandewalle,
{\em A new prolongator for multigrid for the curlcurl equation}

p.\pageref{brannick}:
\item James Brannick, Marian Brezina, David Keyes, Oren Livne, Irene Livshits, Scott MacLachlan, Tom Manteuffel, Steve McCormick, John Ruge, Ludmil Zikatanov,
{\em Adaptive Algebraic Multigrid Preconditioners in Quantum Chromodynamics}

p.\pageref{brenner}:
\item Susanne C. Brenner,
{\em Multigrid Algorithms for $C^0$ Interior Penalty Methods for Fourth Order Problems}

p.\pageref{brezina}:
\item Marian Brezina, J.~Brannick, R.~Falgout, S.~MacLachlan, T.~Manteuffel, S.~McCormick, J.~Ruge,
{\em Application of the Adaptive Smoothed Aggregation to Problems with Nonsmooth Kernels}

p.\pageref{chartier}:
\item Tim Chartier, Edmond Chow,
{\em Algebraic Multigrid Schemes}

p.\pageref{cheng}:
\item Zhen Cheng, Eric de Sturler,
{\em Effective adaptive multigrid for strongly anisotropic problems with Krylov smoothers}

p.\pageref{dendy}:
\item Joel E. Dendy, J. David Moulton,
{\em A Robust Multigrid Method with Cell-Based Coarsening}

p.\pageref{desterck}:
\item Hans De Sterck, Ulrike Meier Yang,
{\em Study of Aggressive Coarsening and Multipass Interpolation in Algebraic Multigrid}

p.\pageref{douglas}:
\item Craig C. Douglas, Yalchin Effendiev,
{\em Dynamic Data-Driven Application Simulations (DDDAS)}

p.\pageref{falgout}:
\item Robert D. Falgout,
{\em Sharpening the Predictive Properties of Compatible Relaxation}

p.\pageref{fidkowski}:
\item Krzysztof J. Fidkowski, David L. Darmofal,
{\em $p$-Multigrid Solution of High-Order Discontinuous Galerkin Discretizations of the Euler and Compressible Navier-Stokes Equations}

p.\pageref{fulton}:
\item Scott R. Fulton, Guohua Zhou,
{\em Multigrid Solvers on Spherical Geodesic Grids}

p.\pageref{gee}:
\item Michael W. Gee, Ray S. Tuminaro,
{\em Nonlinear Nearly Matrix-Free Algebraic Multigrid for Solid Mechanics}

p.\pageref{gratien}:
\item Jean-Marc Gratien, Pierre Bonneau, Rolland Masson, Phillippe Quandalle,
{\em Using parallel algebraic multi-grid preconditioner in an industrial reservoir simulation software}

p.\pageref{gratton}:
\item Serge Gratton, Annick Sartenaer, Philippe L. Toint,
{\em On Recursive Multiscale Trust-Region Algorithms for Unconstrained Minimization}

p.\pageref{hetmaniuk}:
\item U. Hetmaniuk, R. Lehoucq,
{\em A new Rayleigh quotient minimization algorithm based on algebraic multigrid}

p.\pageref{hu}:
\item Jonathan J. Hu, Ray Tuminaro, Marzio Sala, Marian Brezina,
{\em Tools for Analyzing Multigrid Performance}

p.\pageref{ikonen}:
\item Samuli Ikonen, Jari Toivanen,
{\em Multigrid Methods for Pricing American Options under Stochastic Volatility}

p.\pageref{jones}:
\item Jim E. Jones,
{\em Parallel Multigrid on a Beowulf Cluster}

p.\pageref{kimd}:
\item Dongjin Kim, Dan Stanescu,
{\em $p$-Multigrid for the Nodal Discontinuous Galerkin Approximation}

p.\pageref{kimsd}:
\item Sang Dong Kim,
{\em A Preconditioner on High-order Finite Element Methods}

p.\pageref{kimn}:
\item Jung-Han Kimn, Blaise Bourdin,
{\em Implementation of An Overlapping Balancing Domain Decomposition Method for Elliptic PDEs on Unstructured Meshes}

p.\pageref{kolev}:
\item Tzanio V. Kolev, Panayot S. Vassilevski,
{\em Experiments with Adaptive Element Agglomeration Algebraic Multigrid for H(div) and H(curl).}

p.\pageref{lashuk}:
\item Ilya Lashuk, Merico Argentati, Evgueni Ovtchinnikov, Andrew Knyazev,
{\em Preconditioned eigensolvers in Hypre and PETSc}

p.\pageref{lee}:
\item Barry Lee, Izaskun Garrido, Gunnar E. Fladmark, Magne S. Espedal,
{\em A Multilevel Time Parallelization Algorithm}

p.\pageref{limon}:
\item Alfonso Limon, Hedley Morris,
{\em A Multilevel Adaptive Solver for the Density-Gradient Equation}

p.\pageref{livshits}:
\item Irene Livshits,
{\em Multilevel eigenbasis for Schr\"{o}dinger eigenvalue problems}

p.\pageref{maclachlan}:
\item Scott MacLachlan,
{\em Fully Adaptive AMG}

p.\pageref{masson}:
\item Roland Masson, V\'{e}ronique Gervais,
{\em Block Preconditioners with Algebraic Multigrid Block Solve in Stratigraphic Modeling for oil exploration}

p.\pageref{mavriplis}:
\item Dimitri J. Mavriplis,
{\em Multigrid solution of the lattice Boltzmann equation}

p.\pageref{mehl}:
\item Miriam Mehl, Nadine Dieminger, Christoph Zenger,
{\em A cache-oblivious self-adaptive full multigrid method}

p.\pageref{meir}:
\item A. J. Meir, Irad Yavneh,
{\em The Action-Dependent Wave Function Problem: Well Posedness and Efficient Numerical Solutions}

p.\pageref{moulton}:
\item J. David Moulton, Scott P. MacLachlan,
{\em Multilevel Upscaling: Multigrid's Lost Twin}

p.\pageref{nastase}:
\item Cristian R. Nastase, Dimitri J. Mavriplis,
{\em High-Order Spectral $hp$-Multigrid Methods on Unstructured Grids}

p.\pageref{niet}:
\item Arie de Niet, Fred Wubs,
{\em Multilevel Preconditioners in Thermohaline Ocean Circulation}

p.\pageref{nishida}:
\item Akira Nishida,
{\em AMG Preconditioned Conjugate Gradient Type Methods for Nonsymmetric Eigenproblems}

p.\pageref{olson}:
\item Luke Olson, Jeff Heys, Tom Manteuffel, Steve McCormick,
{\em Algebraic Multigrid (AMG) for Higher-Order Finite Elements}

p.\pageref{oosterlee}:
\item Cornelis W. Oosterlee, Fransisco J. Gaspar, Francisco J. Lisbona,
{\em Multigrid for a segregated version of the poroelasticity system}

p.\pageref{ovtchinnikov}:
\item Serguei Ovtchinnikov, Xiao-Chuan Cai, Florin Dobrian, David Keyes,
{\em A Fully Coupled Implicit Method for A Magnetohydrodynamics Problem}

p.\pageref{pasciak}:
\item Joe Pasciak, Jay Gopalakrishnan,
{\em The convergence of V-cycle multigrid algorithms for axisymmetric Laplace and Maxwell equations}

p.\pageref{persson}:
\item Jonas Persson, Per L\"{o}tstedt, Lina von Sydow, Johan Tysk,
{\em Space-Time Adaptive Finite Difference Method for European Multi-Asset Options}

p.\pageref{philip}:
\item Bobby Philip, Michael Pernice,
{\em Performance of FAC Preconditioners for Multi-Material Equilibrium Radiation Diffusion on Adaptively Refined Grids}

p.\pageref{rohrle}:
\item Oliver R\"{o}hrle, Iain Anderson, Andrew Pullan,
{\em Modeling Jaw and Teeth Mechanics}

p.\pageref{ruede}:
\item Ulrich Ruede, Harald Koestler,
{\em A robust multigrid solver for the Euler-Lagrange equations with non-smooth coefficients}

p.\pageref{schmidt}:
\item J. G. Schmidt, G.Berti, J.Fingberg,
{\em On the Use of Algebraic Multigrid inside a Non-Linear Finite Element Method for Maxillo-Facial Surgery Simulations}

p.\pageref{seynaeve}:
\item Bert Seynaeve, Stefan Vandewalle, Bart Nicola\"{i},
{\em Fourier-mode analysis of a multigrid method for PDEs with random parameters}

p.\pageref{stcyr}:
\item Amik St-Cyr, Stephen J. Thomas, Martin J. Gander,
{\em Optimized Preconditioners for High-Order Finite-Elements}

p.\pageref{tandon}:
\item Mohit Tandon, Rajesh Rawat, Philip J Smith, Andrew M Wissink, Brian Gunney,
{\em AMR for Turbulent Buoyant Plumes}

p.\pageref{vandewalle}:
\item Stefan Vandewalle, Martin Gander,
{\em Analysis of a two-level time-parallel time-integration method for ordinary and partial differential equations}

p.\pageref{wang}:
\item Li Wang, Dimitri J. Mavriplis,
{\em Implicit Solution of High-Order Accurate Discontinuous Galerkin Discretizations of the Unsteady Wave Equation Using Spectral Multigrid}

p.\pageref{yavneh}:
\item Irad Yavneh, Iddit Shalem,
{\em Multilevel two-dimensional phase unwrapping}

\end{list}
